<?xml version="1.0" encoding="UTF-8"?>
<testsuite name="com.walshdanny700.campaign_optimisation.services.CampaignServiceTest" tests="1" skipped="0" failures="0" errors="0" timestamp="2022-04-10T17:34:23" hostname="fv-az292-138" time="0.003">
  <properties/>
  <testcase name="givenGetAllCampaignsForCampaignGroupId_WhenValidCampaignGroupId_thenReturnValid()" classname="com.walshdanny700.campaign_optimisation.services.CampaignServiceTest" time="0.003"/>
  <system-out><![CDATA[2022-04-10 17:34:23.357  INFO 1867 --- [    Test worker] .b.t.a.w.s.WebMvcTestContextBootstrapper : Neither @ContextConfiguration nor @ContextHierarchy found for test class [com.walshdanny700.campaign_optimisation.services.CampaignServiceTest], using SpringBootContextLoader
2022-04-10 17:34:23.358  INFO 1867 --- [    Test worker] o.s.t.c.support.AbstractContextLoader    : Could not detect default resource locations for test class [com.walshdanny700.campaign_optimisation.services.CampaignServiceTest]: no resource found for suffixes {-context.xml, Context.groovy}.
2022-04-10 17:34:23.358  INFO 1867 --- [    Test worker] t.c.s.AnnotationConfigContextLoaderUtils : Could not detect default configuration classes for test class [com.walshdanny700.campaign_optimisation.services.CampaignServiceTest]: CampaignServiceTest does not declare any static, non-private, non-final, nested classes annotated with @Configuration.
2022-04-10 17:34:23.363  INFO 1867 --- [    Test worker] .b.t.c.SpringBootTestContextBootstrapper : Found @SpringBootConfiguration com.walshdanny700.campaign_optimisation.CampaignOptimisationApplication for test class com.walshdanny700.campaign_optimisation.services.CampaignServiceTest
2022-04-10 17:34:23.363  INFO 1867 --- [    Test worker] .b.t.a.w.s.WebMvcTestContextBootstrapper : Loaded default TestExecutionListener class names from location [META-INF/spring.factories]: [org.springframework.boot.test.autoconfigure.restdocs.RestDocsTestExecutionListener, org.springframework.boot.test.autoconfigure.web.client.MockRestServiceServerResetTestExecutionListener, org.springframework.boot.test.autoconfigure.web.servlet.MockMvcPrintOnlyOnFailureTestExecutionListener, org.springframework.boot.test.autoconfigure.web.servlet.WebDriverTestExecutionListener, org.springframework.boot.test.autoconfigure.webservices.client.MockWebServiceServerTestExecutionListener, org.springframework.boot.test.mock.mockito.MockitoTestExecutionListener, org.springframework.boot.test.mock.mockito.ResetMocksTestExecutionListener, org.springframework.test.context.web.ServletTestExecutionListener, org.springframework.test.context.support.DirtiesContextBeforeModesTestExecutionListener, org.springframework.test.context.event.ApplicationEventsTestExecutionListener, org.springframework.test.context.support.DependencyInjectionTestExecutionListener, org.springframework.test.context.support.DirtiesContextTestExecutionListener, org.springframework.test.context.transaction.TransactionalTestExecutionListener, org.springframework.test.context.jdbc.SqlScriptsTestExecutionListener, org.springframework.test.context.event.EventPublishingTestExecutionListener]
2022-04-10 17:34:23.364  INFO 1867 --- [    Test worker] .b.t.a.w.s.WebMvcTestContextBootstrapper : Using TestExecutionListeners: [org.springframework.test.context.web.ServletTestExecutionListener@3a93ac9a, org.springframework.test.context.support.DirtiesContextBeforeModesTestExecutionListener@5e4ddafe, org.springframework.test.context.event.ApplicationEventsTestExecutionListener@5a6bd5f0, org.springframework.boot.test.mock.mockito.MockitoTestExecutionListener@1820d2fd, org.springframework.boot.test.autoconfigure.SpringBootDependencyInjectionTestExecutionListener@3f704a1f, org.springframework.test.context.support.DirtiesContextTestExecutionListener@fdafd25, org.springframework.test.context.transaction.TransactionalTestExecutionListener@b9a6d7b, org.springframework.test.context.jdbc.SqlScriptsTestExecutionListener@15b3f1cf, org.springframework.test.context.event.EventPublishingTestExecutionListener@282e61d4, org.springframework.boot.test.autoconfigure.restdocs.RestDocsTestExecutionListener@70c59221, org.springframework.boot.test.autoconfigure.web.client.MockRestServiceServerResetTestExecutionListener@286cd8f7, org.springframework.boot.test.autoconfigure.web.servlet.MockMvcPrintOnlyOnFailureTestExecutionListener@22db69bc, org.springframework.boot.test.autoconfigure.web.servlet.WebDriverTestExecutionListener@79209cf2, org.springframework.boot.test.autoconfigure.webservices.client.MockWebServiceServerTestExecutionListener@25285d6d, org.springframework.boot.test.mock.mockito.ResetMocksTestExecutionListener@6bcd925f]

  .   ____          _            __ _ _
 /\\ / ___'_ __ _ _(_)_ __  __ _ \ \ \ \
( ( )\___ | '_ | '_| | '_ \/ _` | \ \ \ \
 \\/  ___)| |_)| | | | | || (_| |  ) ) ) )
  '  |____| .__|_| |_|_| |_\__, | / / / /
 =========|_|==============|___/=/_/_/_/
 :: Spring Boot ::                (v2.6.4)

2022-04-10 17:34:23.377  INFO 1867 --- [    Test worker] c.w.c.services.CampaignServiceTest       : Starting CampaignServiceTest using Java 17.0.2 on fv-az292-138 with PID 1867 (started by runner in /home/runner/work/campaign_optimisation/campaign_optimisation)
2022-04-10 17:34:23.378  INFO 1867 --- [    Test worker] c.w.c.services.CampaignServiceTest       : No active profile set, falling back to 1 default profile: "default"
2022-04-10 17:34:23.645  INFO 1867 --- [    Test worker] o.s.b.t.m.w.SpringBootMockServletContext : Initializing Spring TestDispatcherServlet ''
2022-04-10 17:34:23.646  INFO 1867 --- [    Test worker] o.s.t.web.servlet.TestDispatcherServlet  : Initializing Servlet ''
2022-04-10 17:34:23.646  INFO 1867 --- [    Test worker] o.s.t.web.servlet.TestDispatcherServlet  : Completed initialization in 0 ms
2022-04-10 17:34:23.652  INFO 1867 --- [    Test worker] c.w.c.services.CampaignServiceTest       : Started CampaignServiceTest in 0.286 seconds (JVM running for 18.476)
]]></system-out>
  <system-err><![CDATA[]]></system-err>
</testsuite>
