<?xml version="1.0" encoding="UTF-8"?>
<testsuite name="com.walshdanny700.campaign_optimisation.services.OptimisationServiceTest" tests="7" skipped="0" failures="0" errors="0" timestamp="2022-04-10T17:19:45" hostname="fv-az212-963" time="0.05">
  <properties/>
  <testcase name="givenGetLatestRecommendations_WhenCampaignNotFound_ThenReturnEmptyList()" classname="com.walshdanny700.campaign_optimisation.services.OptimisationServiceTest" time="0.012"/>
  <testcase name="givenApplyRecommendations_WhenValidInput_ThenReturnRowsUpdated()" classname="com.walshdanny700.campaign_optimisation.services.OptimisationServiceTest" time="0.005"/>
  <testcase name="givenGetLatestOptimisation_WhenValidCampaignGroupId_thenReturnValid()" classname="com.walshdanny700.campaign_optimisation.services.OptimisationServiceTest" time="0.004"/>
  <testcase name="givenGetLatestRecommendations_WhenInputNotFound_ThenReturnEmptyList()" classname="com.walshdanny700.campaign_optimisation.services.OptimisationServiceTest" time="0.004"/>
  <testcase name="givenGetLatestRecommendations_WhenStatusApplied_ThenReturnEmptyList()" classname="com.walshdanny700.campaign_optimisation.services.OptimisationServiceTest" time="0.004"/>
  <testcase name="givenGetOptimisationById_WhenValidOptimisationId_thenReturnValid()" classname="com.walshdanny700.campaign_optimisation.services.OptimisationServiceTest" time="0.003"/>
  <testcase name="givenGenerateLatestRecommendations_WhenValidInput_ThenReturnRecommendationList()" classname="com.walshdanny700.campaign_optimisation.services.OptimisationServiceTest" time="0.003"/>
  <system-out><![CDATA[2022-04-10 17:19:45.489  INFO 2009 --- [    Test worker] .b.t.a.w.s.WebMvcTestContextBootstrapper : Neither @ContextConfiguration nor @ContextHierarchy found for test class [com.walshdanny700.campaign_optimisation.services.OptimisationServiceTest], using SpringBootContextLoader
2022-04-10 17:19:45.491  INFO 2009 --- [    Test worker] o.s.t.c.support.AbstractContextLoader    : Could not detect default resource locations for test class [com.walshdanny700.campaign_optimisation.services.OptimisationServiceTest]: no resource found for suffixes {-context.xml, Context.groovy}.
2022-04-10 17:19:45.491  INFO 2009 --- [    Test worker] t.c.s.AnnotationConfigContextLoaderUtils : Could not detect default configuration classes for test class [com.walshdanny700.campaign_optimisation.services.OptimisationServiceTest]: OptimisationServiceTest does not declare any static, non-private, non-final, nested classes annotated with @Configuration.
2022-04-10 17:19:45.493  INFO 2009 --- [    Test worker] .b.t.c.SpringBootTestContextBootstrapper : Found @SpringBootConfiguration com.walshdanny700.campaign_optimisation.CampaignOptimisationApplication for test class com.walshdanny700.campaign_optimisation.services.OptimisationServiceTest
2022-04-10 17:19:45.495  INFO 2009 --- [    Test worker] .b.t.a.w.s.WebMvcTestContextBootstrapper : Loaded default TestExecutionListener class names from location [META-INF/spring.factories]: [org.springframework.boot.test.autoconfigure.restdocs.RestDocsTestExecutionListener, org.springframework.boot.test.autoconfigure.web.client.MockRestServiceServerResetTestExecutionListener, org.springframework.boot.test.autoconfigure.web.servlet.MockMvcPrintOnlyOnFailureTestExecutionListener, org.springframework.boot.test.autoconfigure.web.servlet.WebDriverTestExecutionListener, org.springframework.boot.test.autoconfigure.webservices.client.MockWebServiceServerTestExecutionListener, org.springframework.boot.test.mock.mockito.MockitoTestExecutionListener, org.springframework.boot.test.mock.mockito.ResetMocksTestExecutionListener, org.springframework.test.context.web.ServletTestExecutionListener, org.springframework.test.context.support.DirtiesContextBeforeModesTestExecutionListener, org.springframework.test.context.event.ApplicationEventsTestExecutionListener, org.springframework.test.context.support.DependencyInjectionTestExecutionListener, org.springframework.test.context.support.DirtiesContextTestExecutionListener, org.springframework.test.context.transaction.TransactionalTestExecutionListener, org.springframework.test.context.jdbc.SqlScriptsTestExecutionListener, org.springframework.test.context.event.EventPublishingTestExecutionListener]
2022-04-10 17:19:45.496  INFO 2009 --- [    Test worker] .b.t.a.w.s.WebMvcTestContextBootstrapper : Using TestExecutionListeners: [org.springframework.test.context.web.ServletTestExecutionListener@fcbd98c, org.springframework.test.context.support.DirtiesContextBeforeModesTestExecutionListener@2d1ab6a2, org.springframework.test.context.event.ApplicationEventsTestExecutionListener@766663fa, org.springframework.boot.test.mock.mockito.MockitoTestExecutionListener@28e45ef1, org.springframework.boot.test.autoconfigure.SpringBootDependencyInjectionTestExecutionListener@7932e5d8, org.springframework.test.context.support.DirtiesContextTestExecutionListener@165f3fa, org.springframework.test.context.transaction.TransactionalTestExecutionListener@4459399f, org.springframework.test.context.jdbc.SqlScriptsTestExecutionListener@4e40f433, org.springframework.test.context.event.EventPublishingTestExecutionListener@2032c406, org.springframework.boot.test.autoconfigure.restdocs.RestDocsTestExecutionListener@ee619d9, org.springframework.boot.test.autoconfigure.web.client.MockRestServiceServerResetTestExecutionListener@3fe4c5b, org.springframework.boot.test.autoconfigure.web.servlet.MockMvcPrintOnlyOnFailureTestExecutionListener@4a56d17b, org.springframework.boot.test.autoconfigure.web.servlet.WebDriverTestExecutionListener@7cf22ec3, org.springframework.boot.test.autoconfigure.webservices.client.MockWebServiceServerTestExecutionListener@42e4d855, org.springframework.boot.test.mock.mockito.ResetMocksTestExecutionListener@3309d8c6]

  .   ____          _            __ _ _
 /\\ / ___'_ __ _ _(_)_ __  __ _ \ \ \ \
( ( )\___ | '_ | '_| | '_ \/ _` | \ \ \ \
 \\/  ___)| |_)| | | | | || (_| |  ) ) ) )
  '  |____| .__|_| |_|_| |_\__, | / / / /
 =========|_|==============|___/=/_/_/_/
 :: Spring Boot ::                (v2.6.4)

2022-04-10 17:19:45.538  INFO 2009 --- [    Test worker] c.w.c.services.OptimisationServiceTest   : Starting OptimisationServiceTest using Java 17.0.2 on fv-az212-963 with PID 2009 (started by runner in /home/runner/work/campaign_optimisation/campaign_optimisation)
2022-04-10 17:19:45.539  INFO 2009 --- [    Test worker] c.w.c.services.OptimisationServiceTest   : No active profile set, falling back to 1 default profile: "default"
2022-04-10 17:19:45.845  INFO 2009 --- [    Test worker] o.s.b.t.m.w.SpringBootMockServletContext : Initializing Spring TestDispatcherServlet ''
2022-04-10 17:19:45.845  INFO 2009 --- [    Test worker] o.s.t.web.servlet.TestDispatcherServlet  : Initializing Servlet ''
2022-04-10 17:19:45.846  INFO 2009 --- [    Test worker] o.s.t.web.servlet.TestDispatcherServlet  : Completed initialization in 0 ms
2022-04-10 17:19:45.854  INFO 2009 --- [    Test worker] c.w.c.services.OptimisationServiceTest   : Started OptimisationServiceTest in 0.355 seconds (JVM running for 22.805)
]]></system-out>
  <system-err><![CDATA[]]></system-err>
</testsuite>
