<?xml version="1.0" encoding="UTF-8"?>
<testsuite name="com.walshdanny700.campaign_optimisation.services.OptimisationServiceTest" tests="7" skipped="0" failures="0" errors="0" timestamp="2022-04-10T17:39:27" hostname="fv-az399-239" time="0.042">
  <properties/>
  <testcase name="givenGetLatestRecommendations_WhenCampaignNotFound_ThenReturnEmptyList()" classname="com.walshdanny700.campaign_optimisation.services.OptimisationServiceTest" time="0.011"/>
  <testcase name="givenApplyRecommendations_WhenValidInput_ThenReturnRowsUpdated()" classname="com.walshdanny700.campaign_optimisation.services.OptimisationServiceTest" time="0.005"/>
  <testcase name="givenGetLatestOptimisation_WhenValidCampaignGroupId_thenReturnValid()" classname="com.walshdanny700.campaign_optimisation.services.OptimisationServiceTest" time="0.003"/>
  <testcase name="givenGetLatestRecommendations_WhenInputNotFound_ThenReturnEmptyList()" classname="com.walshdanny700.campaign_optimisation.services.OptimisationServiceTest" time="0.003"/>
  <testcase name="givenGetLatestRecommendations_WhenStatusApplied_ThenReturnEmptyList()" classname="com.walshdanny700.campaign_optimisation.services.OptimisationServiceTest" time="0.003"/>
  <testcase name="givenGetOptimisationById_WhenValidOptimisationId_thenReturnValid()" classname="com.walshdanny700.campaign_optimisation.services.OptimisationServiceTest" time="0.002"/>
  <testcase name="givenGenerateLatestRecommendations_WhenValidInput_ThenReturnRecommendationList()" classname="com.walshdanny700.campaign_optimisation.services.OptimisationServiceTest" time="0.003"/>
  <system-out><![CDATA[2022-04-10 17:39:26.721  INFO 2072 --- [    Test worker] .b.t.a.w.s.WebMvcTestContextBootstrapper : Neither @ContextConfiguration nor @ContextHierarchy found for test class [com.walshdanny700.campaign_optimisation.services.OptimisationServiceTest], using SpringBootContextLoader
2022-04-10 17:39:26.721  INFO 2072 --- [    Test worker] o.s.t.c.support.AbstractContextLoader    : Could not detect default resource locations for test class [com.walshdanny700.campaign_optimisation.services.OptimisationServiceTest]: no resource found for suffixes {-context.xml, Context.groovy}.
2022-04-10 17:39:26.722  INFO 2072 --- [    Test worker] t.c.s.AnnotationConfigContextLoaderUtils : Could not detect default configuration classes for test class [com.walshdanny700.campaign_optimisation.services.OptimisationServiceTest]: OptimisationServiceTest does not declare any static, non-private, non-final, nested classes annotated with @Configuration.
2022-04-10 17:39:26.724  INFO 2072 --- [    Test worker] .b.t.c.SpringBootTestContextBootstrapper : Found @SpringBootConfiguration com.walshdanny700.campaign_optimisation.CampaignOptimisationApplication for test class com.walshdanny700.campaign_optimisation.services.OptimisationServiceTest
2022-04-10 17:39:26.724  INFO 2072 --- [    Test worker] .b.t.a.w.s.WebMvcTestContextBootstrapper : Loaded default TestExecutionListener class names from location [META-INF/spring.factories]: [org.springframework.boot.test.autoconfigure.restdocs.RestDocsTestExecutionListener, org.springframework.boot.test.autoconfigure.web.client.MockRestServiceServerResetTestExecutionListener, org.springframework.boot.test.autoconfigure.web.servlet.MockMvcPrintOnlyOnFailureTestExecutionListener, org.springframework.boot.test.autoconfigure.web.servlet.WebDriverTestExecutionListener, org.springframework.boot.test.autoconfigure.webservices.client.MockWebServiceServerTestExecutionListener, org.springframework.boot.test.mock.mockito.MockitoTestExecutionListener, org.springframework.boot.test.mock.mockito.ResetMocksTestExecutionListener, org.springframework.test.context.web.ServletTestExecutionListener, org.springframework.test.context.support.DirtiesContextBeforeModesTestExecutionListener, org.springframework.test.context.event.ApplicationEventsTestExecutionListener, org.springframework.test.context.support.DependencyInjectionTestExecutionListener, org.springframework.test.context.support.DirtiesContextTestExecutionListener, org.springframework.test.context.transaction.TransactionalTestExecutionListener, org.springframework.test.context.jdbc.SqlScriptsTestExecutionListener, org.springframework.test.context.event.EventPublishingTestExecutionListener]
2022-04-10 17:39:26.725  INFO 2072 --- [    Test worker] .b.t.a.w.s.WebMvcTestContextBootstrapper : Using TestExecutionListeners: [org.springframework.test.context.web.ServletTestExecutionListener@3272be9d, org.springframework.test.context.support.DirtiesContextBeforeModesTestExecutionListener@6d297f85, org.springframework.test.context.event.ApplicationEventsTestExecutionListener@19477589, org.springframework.boot.test.mock.mockito.MockitoTestExecutionListener@2e38c8df, org.springframework.boot.test.autoconfigure.SpringBootDependencyInjectionTestExecutionListener@9190dd3, org.springframework.test.context.support.DirtiesContextTestExecutionListener@2f6a8e22, org.springframework.test.context.transaction.TransactionalTestExecutionListener@da34d7b, org.springframework.test.context.jdbc.SqlScriptsTestExecutionListener@65b51220, org.springframework.test.context.event.EventPublishingTestExecutionListener@2403ecd0, org.springframework.boot.test.autoconfigure.restdocs.RestDocsTestExecutionListener@5fe36dec, org.springframework.boot.test.autoconfigure.web.client.MockRestServiceServerResetTestExecutionListener@48bc2bfe, org.springframework.boot.test.autoconfigure.web.servlet.MockMvcPrintOnlyOnFailureTestExecutionListener@5d514db, org.springframework.boot.test.autoconfigure.web.servlet.WebDriverTestExecutionListener@3e8b1ddd, org.springframework.boot.test.autoconfigure.webservices.client.MockWebServiceServerTestExecutionListener@7ac39bed, org.springframework.boot.test.mock.mockito.ResetMocksTestExecutionListener@5389bc90]

  .   ____          _            __ _ _
 /\\ / ___'_ __ _ _(_)_ __  __ _ \ \ \ \
( ( )\___ | '_ | '_| | '_ \/ _` | \ \ \ \
 \\/  ___)| |_)| | | | | || (_| |  ) ) ) )
  '  |____| .__|_| |_|_| |_\__, | / / / /
 =========|_|==============|___/=/_/_/_/
 :: Spring Boot ::                (v2.6.4)

2022-04-10 17:39:26.741  INFO 2072 --- [    Test worker] c.w.c.services.OptimisationServiceTest   : Starting OptimisationServiceTest using Java 17.0.2 on fv-az399-239 with PID 2072 (started by runner in /home/runner/work/campaign_optimisation/campaign_optimisation)
2022-04-10 17:39:26.741  INFO 2072 --- [    Test worker] c.w.c.services.OptimisationServiceTest   : No active profile set, falling back to 1 default profile: "default"
2022-04-10 17:39:27.004  INFO 2072 --- [    Test worker] o.s.b.t.m.w.SpringBootMockServletContext : Initializing Spring TestDispatcherServlet ''
2022-04-10 17:39:27.004  INFO 2072 --- [    Test worker] o.s.t.web.servlet.TestDispatcherServlet  : Initializing Servlet ''
2022-04-10 17:39:27.005  INFO 2072 --- [    Test worker] o.s.t.web.servlet.TestDispatcherServlet  : Completed initialization in 0 ms
2022-04-10 17:39:27.012  INFO 2072 --- [    Test worker] c.w.c.services.OptimisationServiceTest   : Started OptimisationServiceTest in 0.285 seconds (JVM running for 20.267)
]]></system-out>
  <system-err><![CDATA[]]></system-err>
</testsuite>
