<?xml version="1.0" encoding="UTF-8"?>
<testsuite name="com.walshdanny700.campaign_optimisation.CampaignOptimisationApplicationTests" tests="3" skipped="0" failures="0" errors="0" timestamp="2022-04-10T17:39:17" hostname="fv-az399-239" time="1.058">
  <properties/>
  <testcase name="applicationConfigureTest()" classname="com.walshdanny700.campaign_optimisation.CampaignOptimisationApplicationTests" time="0.289"/>
  <testcase name="applicationStarts()" classname="com.walshdanny700.campaign_optimisation.CampaignOptimisationApplicationTests" time="0.75"/>
  <testcase name="contextLoads()" classname="com.walshdanny700.campaign_optimisation.CampaignOptimisationApplicationTests" time="0.007"/>
  <system-out><![CDATA[17:39:08.561 [Test worker] DEBUG org.springframework.test.context.BootstrapUtils - Instantiating CacheAwareContextLoaderDelegate from class [org.springframework.test.context.cache.DefaultCacheAwareContextLoaderDelegate]
17:39:08.581 [Test worker] DEBUG org.springframework.test.context.BootstrapUtils - Instantiating BootstrapContext using constructor [public org.springframework.test.context.support.DefaultBootstrapContext(java.lang.Class,org.springframework.test.context.CacheAwareContextLoaderDelegate)]
17:39:08.647 [Test worker] DEBUG org.springframework.test.context.BootstrapUtils - Instantiating TestContextBootstrapper for test class [com.walshdanny700.campaign_optimisation.CampaignOptimisationApplicationTests] from class [org.springframework.boot.test.context.SpringBootTestContextBootstrapper]
17:39:08.664 [Test worker] INFO org.springframework.boot.test.context.SpringBootTestContextBootstrapper - Neither @ContextConfiguration nor @ContextHierarchy found for test class [com.walshdanny700.campaign_optimisation.CampaignOptimisationApplicationTests], using SpringBootContextLoader
17:39:08.671 [Test worker] DEBUG org.springframework.test.context.support.AbstractContextLoader - Did not detect default resource location for test class [com.walshdanny700.campaign_optimisation.CampaignOptimisationApplicationTests]: class path resource [com/walshdanny700/campaign_optimisation/CampaignOptimisationApplicationTests-context.xml] does not exist
17:39:08.671 [Test worker] DEBUG org.springframework.test.context.support.AbstractContextLoader - Did not detect default resource location for test class [com.walshdanny700.campaign_optimisation.CampaignOptimisationApplicationTests]: class path resource [com/walshdanny700/campaign_optimisation/CampaignOptimisationApplicationTestsContext.groovy] does not exist
17:39:08.672 [Test worker] INFO org.springframework.test.context.support.AbstractContextLoader - Could not detect default resource locations for test class [com.walshdanny700.campaign_optimisation.CampaignOptimisationApplicationTests]: no resource found for suffixes {-context.xml, Context.groovy}.
17:39:08.673 [Test worker] INFO org.springframework.test.context.support.AnnotationConfigContextLoaderUtils - Could not detect default configuration classes for test class [com.walshdanny700.campaign_optimisation.CampaignOptimisationApplicationTests]: CampaignOptimisationApplicationTests does not declare any static, non-private, non-final, nested classes annotated with @Configuration.
17:39:08.742 [Test worker] DEBUG org.springframework.test.context.support.ActiveProfilesUtils - Could not find an 'annotation declaring class' for annotation type [org.springframework.test.context.ActiveProfiles] and class [com.walshdanny700.campaign_optimisation.CampaignOptimisationApplicationTests]
17:39:08.862 [Test worker] DEBUG org.springframework.context.annotation.ClassPathScanningCandidateComponentProvider - Identified candidate component class: file [/home/runner/work/campaign_optimisation/campaign_optimisation/build/classes/java/main/com/walshdanny700/campaign_optimisation/CampaignOptimisationApplication.class]
17:39:08.865 [Test worker] INFO org.springframework.boot.test.context.SpringBootTestContextBootstrapper - Found @SpringBootConfiguration com.walshdanny700.campaign_optimisation.CampaignOptimisationApplication for test class com.walshdanny700.campaign_optimisation.CampaignOptimisationApplicationTests
17:39:09.015 [Test worker] DEBUG org.springframework.boot.test.context.SpringBootTestContextBootstrapper - @TestExecutionListeners is not present for class [com.walshdanny700.campaign_optimisation.CampaignOptimisationApplicationTests]: using defaults.
17:39:09.016 [Test worker] INFO org.springframework.boot.test.context.SpringBootTestContextBootstrapper - Loaded default TestExecutionListener class names from location [META-INF/spring.factories]: [org.springframework.boot.test.autoconfigure.restdocs.RestDocsTestExecutionListener, org.springframework.boot.test.autoconfigure.web.client.MockRestServiceServerResetTestExecutionListener, org.springframework.boot.test.autoconfigure.web.servlet.MockMvcPrintOnlyOnFailureTestExecutionListener, org.springframework.boot.test.autoconfigure.web.servlet.WebDriverTestExecutionListener, org.springframework.boot.test.autoconfigure.webservices.client.MockWebServiceServerTestExecutionListener, org.springframework.boot.test.mock.mockito.MockitoTestExecutionListener, org.springframework.boot.test.mock.mockito.ResetMocksTestExecutionListener, org.springframework.test.context.web.ServletTestExecutionListener, org.springframework.test.context.support.DirtiesContextBeforeModesTestExecutionListener, org.springframework.test.context.event.ApplicationEventsTestExecutionListener, org.springframework.test.context.support.DependencyInjectionTestExecutionListener, org.springframework.test.context.support.DirtiesContextTestExecutionListener, org.springframework.test.context.transaction.TransactionalTestExecutionListener, org.springframework.test.context.jdbc.SqlScriptsTestExecutionListener, org.springframework.test.context.event.EventPublishingTestExecutionListener]
17:39:09.042 [Test worker] INFO org.springframework.boot.test.context.SpringBootTestContextBootstrapper - Using TestExecutionListeners: [org.springframework.test.context.web.ServletTestExecutionListener@2489e84a, org.springframework.test.context.support.DirtiesContextBeforeModesTestExecutionListener@2a39aa2b, org.springframework.test.context.event.ApplicationEventsTestExecutionListener@62b93086, org.springframework.boot.test.mock.mockito.MockitoTestExecutionListener@254449bb, org.springframework.boot.test.autoconfigure.SpringBootDependencyInjectionTestExecutionListener@4e642ee1, org.springframework.test.context.support.DirtiesContextTestExecutionListener@29ebbdf4, org.springframework.test.context.transaction.TransactionalTestExecutionListener@2fd954f, org.springframework.test.context.jdbc.SqlScriptsTestExecutionListener@5731d3a, org.springframework.test.context.event.EventPublishingTestExecutionListener@6a0f2853, org.springframework.boot.test.autoconfigure.restdocs.RestDocsTestExecutionListener@1eff3cfb, org.springframework.boot.test.autoconfigure.web.client.MockRestServiceServerResetTestExecutionListener@70c69586, org.springframework.boot.test.autoconfigure.web.servlet.MockMvcPrintOnlyOnFailureTestExecutionListener@6dc1dc69, org.springframework.boot.test.autoconfigure.web.servlet.WebDriverTestExecutionListener@7e9f2c32, org.springframework.boot.test.autoconfigure.webservices.client.MockWebServiceServerTestExecutionListener@19e0dffe, org.springframework.boot.test.mock.mockito.ResetMocksTestExecutionListener@5d4e13e1]
17:39:09.046 [Test worker] DEBUG org.springframework.test.context.support.AbstractDirtiesContextTestExecutionListener - Before test class: context [DefaultTestContext@2f4b98f6 testClass = CampaignOptimisationApplicationTests, testInstance = [null], testMethod = [null], testException = [null], mergedContextConfiguration = [WebMergedContextConfiguration@421def93 testClass = CampaignOptimisationApplicationTests, locations = '{}', classes = '{class com.walshdanny700.campaign_optimisation.CampaignOptimisationApplication}', contextInitializerClasses = '[]', activeProfiles = '{}', propertySourceLocations = '{}', propertySourceProperties = '{org.springframework.boot.test.context.SpringBootTestContextBootstrapper=true, server.port=0}', contextCustomizers = set[org.springframework.boot.test.autoconfigure.actuate.metrics.MetricsExportContextCustomizerFactory$DisableMetricExportContextCustomizer@72ee5d84, org.springframework.boot.test.autoconfigure.properties.PropertyMappingContextCustomizer@0, org.springframework.boot.test.autoconfigure.web.servlet.WebDriverContextCustomizerFactory$Customizer@3fbfbf84, org.springframework.boot.test.context.filter.ExcludeFilterContextCustomizer@4a7a965d, org.springframework.boot.test.json.DuplicateJsonObjectContextCustomizerFactory$DuplicateJsonObjectContextCustomizer@288cdaab, org.springframework.boot.test.mock.mockito.MockitoContextCustomizer@0, org.springframework.boot.test.web.client.TestRestTemplateContextCustomizer@f446158, org.springframework.boot.test.context.SpringBootTestArgs@1, org.springframework.boot.test.context.SpringBootTestWebEnvironment@607fbe09], resourceBasePath = 'src/main/webapp', contextLoader = 'org.springframework.boot.test.context.SpringBootContextLoader', parent = [null]], attributes = map['org.springframework.test.context.web.ServletTestExecutionListener.activateListener' -> false]], class annotated with @DirtiesContext [false] with mode [null].
17:39:09.061 [Test worker] DEBUG org.springframework.test.context.support.DependencyInjectionTestExecutionListener - Performing dependency injection for test context [[DefaultTestContext@2f4b98f6 testClass = CampaignOptimisationApplicationTests, testInstance = com.walshdanny700.campaign_optimisation.CampaignOptimisationApplicationTests@3e4e8fdf, testMethod = [null], testException = [null], mergedContextConfiguration = [WebMergedContextConfiguration@421def93 testClass = CampaignOptimisationApplicationTests, locations = '{}', classes = '{class com.walshdanny700.campaign_optimisation.CampaignOptimisationApplication}', contextInitializerClasses = '[]', activeProfiles = '{}', propertySourceLocations = '{}', propertySourceProperties = '{org.springframework.boot.test.context.SpringBootTestContextBootstrapper=true, server.port=0}', contextCustomizers = set[org.springframework.boot.test.autoconfigure.actuate.metrics.MetricsExportContextCustomizerFactory$DisableMetricExportContextCustomizer@72ee5d84, org.springframework.boot.test.autoconfigure.properties.PropertyMappingContextCustomizer@0, org.springframework.boot.test.autoconfigure.web.servlet.WebDriverContextCustomizerFactory$Customizer@3fbfbf84, org.springframework.boot.test.context.filter.ExcludeFilterContextCustomizer@4a7a965d, org.springframework.boot.test.json.DuplicateJsonObjectContextCustomizerFactory$DuplicateJsonObjectContextCustomizer@288cdaab, org.springframework.boot.test.mock.mockito.MockitoContextCustomizer@0, org.springframework.boot.test.web.client.TestRestTemplateContextCustomizer@f446158, org.springframework.boot.test.context.SpringBootTestArgs@1, org.springframework.boot.test.context.SpringBootTestWebEnvironment@607fbe09], resourceBasePath = 'src/main/webapp', contextLoader = 'org.springframework.boot.test.context.SpringBootContextLoader', parent = [null]], attributes = map['org.springframework.test.context.web.ServletTestExecutionListener.activateListener' -> false, 'org.springframework.test.context.event.ApplicationEventsTestExecutionListener.recordApplicationEvents' -> false]]].

  .   ____          _            __ _ _
 /\\ / ___'_ __ _ _(_)_ __  __ _ \ \ \ \
( ( )\___ | '_ | '_| | '_ \/ _` | \ \ \ \
 \\/  ___)| |_)| | | | | || (_| |  ) ) ) )
  '  |____| .__|_| |_|_| |_\__, | / / / /
 =========|_|==============|___/=/_/_/_/
 :: Spring Boot ::                (v2.6.4)

2022-04-10 17:39:09.628  INFO 2072 --- [    Test worker] w.c.CampaignOptimisationApplicationTests : Starting CampaignOptimisationApplicationTests using Java 17.0.2 on fv-az399-239 with PID 2072 (started by runner in /home/runner/work/campaign_optimisation/campaign_optimisation)
2022-04-10 17:39:09.630  INFO 2072 --- [    Test worker] w.c.CampaignOptimisationApplicationTests : No active profile set, falling back to 1 default profile: "default"
2022-04-10 17:39:10.846  INFO 2072 --- [    Test worker] .s.d.r.c.RepositoryConfigurationDelegate : Bootstrapping Spring Data JPA repositories in DEFAULT mode.
2022-04-10 17:39:10.939  INFO 2072 --- [    Test worker] .s.d.r.c.RepositoryConfigurationDelegate : Finished Spring Data repository scanning in 79 ms. Found 4 JPA repository interfaces.
2022-04-10 17:39:12.038  INFO 2072 --- [    Test worker] o.s.b.w.embedded.tomcat.TomcatWebServer  : Tomcat initialized with port(s): 0 (http)
2022-04-10 17:39:12.058  INFO 2072 --- [    Test worker] o.apache.catalina.core.StandardService   : Starting service [Tomcat]
2022-04-10 17:39:12.061  INFO 2072 --- [    Test worker] org.apache.catalina.core.StandardEngine  : Starting Servlet engine: [Apache Tomcat/9.0.58]
2022-04-10 17:39:12.218  INFO 2072 --- [    Test worker] o.a.c.c.C.[Tomcat].[localhost].[/]       : Initializing Spring embedded WebApplicationContext
2022-04-10 17:39:12.220  INFO 2072 --- [    Test worker] w.s.c.ServletWebServerApplicationContext : Root WebApplicationContext: initialization completed in 2551 ms
2022-04-10 17:39:12.515  INFO 2072 --- [    Test worker] o.f.c.internal.license.VersionPrinter    : Flyway Community Edition 8.5.6 by Redgate
2022-04-10 17:39:12.516  INFO 2072 --- [    Test worker] o.f.c.internal.license.VersionPrinter    : See what's new here: https://flywaydb.org/documentation/learnmore/releaseNotes#8.5.6
2022-04-10 17:39:12.516  INFO 2072 --- [    Test worker] o.f.c.internal.license.VersionPrinter    : 
2022-04-10 17:39:12.528  INFO 2072 --- [    Test worker] com.zaxxer.hikari.HikariDataSource       : HikariPool-1 - Starting...
2022-04-10 17:39:12.954  INFO 2072 --- [    Test worker] com.zaxxer.hikari.HikariDataSource       : HikariPool-1 - Start completed.
2022-04-10 17:39:12.973  INFO 2072 --- [    Test worker] o.f.c.i.database.base.BaseDatabaseType   : Database: jdbc:h2:mem:development_db (H2 2.1)
2022-04-10 17:39:13.091  INFO 2072 --- [    Test worker] o.f.core.internal.command.DbValidate     : Successfully validated 2 migrations (execution time 00:00.017s)
2022-04-10 17:39:13.104  INFO 2072 --- [    Test worker] o.f.c.i.s.JdbcTableSchemaHistory         : Creating Schema History table "PUBLIC"."flyway_schema_history" ...
2022-04-10 17:39:13.153  INFO 2072 --- [    Test worker] o.f.core.internal.command.DbMigrate      : Current version of schema "PUBLIC": << Empty Schema >>
2022-04-10 17:39:13.170  INFO 2072 --- [    Test worker] o.f.core.internal.command.DbMigrate      : Migrating schema "PUBLIC" to version "1 - create campaigngroup"
2022-04-10 17:39:13.237  INFO 2072 --- [    Test worker] o.f.core.internal.command.DbMigrate      : Migrating schema "PUBLIC" to version "2 - ingest data"
2022-04-10 17:39:13.256  INFO 2072 --- [    Test worker] o.f.core.internal.command.DbMigrate      : Successfully applied 2 migrations to schema "PUBLIC", now at version v2 (execution time 00:00.109s)
2022-04-10 17:39:13.458  INFO 2072 --- [    Test worker] o.hibernate.jpa.internal.util.LogHelper  : HHH000204: Processing PersistenceUnitInfo [name: default]
2022-04-10 17:39:13.544  INFO 2072 --- [    Test worker] org.hibernate.Version                    : HHH000412: Hibernate ORM core version 5.6.5.Final
2022-04-10 17:39:13.782  INFO 2072 --- [    Test worker] o.hibernate.annotations.common.Version   : HCANN000001: Hibernate Commons Annotations {5.1.2.Final}
2022-04-10 17:39:14.008  INFO 2072 --- [    Test worker] org.hibernate.dialect.Dialect            : HHH000400: Using dialect: org.hibernate.dialect.H2Dialect
2022-04-10 17:39:15.000  INFO 2072 --- [    Test worker] o.h.e.t.j.p.i.JtaPlatformInitiator       : HHH000490: Using JtaPlatform implementation: [org.hibernate.engine.transaction.jta.platform.internal.NoJtaPlatform]
2022-04-10 17:39:15.010  INFO 2072 --- [    Test worker] j.LocalContainerEntityManagerFactoryBean : Initialized JPA EntityManagerFactory for persistence unit 'default'
2022-04-10 17:39:15.738  WARN 2072 --- [    Test worker] JpaBaseConfiguration$JpaWebConfiguration : spring.jpa.open-in-view is enabled by default. Therefore, database queries may be performed during view rendering. Explicitly configure spring.jpa.open-in-view to disable this warning
2022-04-10 17:39:17.925  INFO 2072 --- [    Test worker] o.s.b.w.embedded.tomcat.TomcatWebServer  : Tomcat started on port(s): 42483 (http) with context path ''
2022-04-10 17:39:17.943  INFO 2072 --- [    Test worker] w.c.CampaignOptimisationApplicationTests : Started CampaignOptimisationApplicationTests in 8.847 seconds (JVM running for 11.197)

  .   ____          _            __ _ _
 /\\ / ___'_ __ _ _(_)_ __  __ _ \ \ \ \
( ( )\___ | '_ | '_| | '_ \/ _` | \ \ \ \
 \\/  ___)| |_)| | | | | || (_| |  ) ) ) )
  '  |____| .__|_| |_|_| |_\__, | / / / /
 =========|_|==============|___/=/_/_/_/
 :: Spring Boot ::                (v2.6.4)

2022-04-10 17:39:18.295  INFO 2072 --- [    Test worker] c.w.c.CampaignOptimisationApplication    : Starting CampaignOptimisationApplication using Java 17.0.2 on fv-az399-239 with PID 2072 (started by runner in /home/runner/work/campaign_optimisation/campaign_optimisation)
2022-04-10 17:39:18.296  INFO 2072 --- [    Test worker] c.w.c.CampaignOptimisationApplication    : No active profile set, falling back to 1 default profile: "default"
2022-04-10 17:39:18.466  INFO 2072 --- [    Test worker] .s.d.r.c.RepositoryConfigurationDelegate : Bootstrapping Spring Data JPA repositories in DEFAULT mode.
2022-04-10 17:39:18.475  INFO 2072 --- [    Test worker] .s.d.r.c.RepositoryConfigurationDelegate : Finished Spring Data repository scanning in 8 ms. Found 4 JPA repository interfaces.
2022-04-10 17:39:18.556  INFO 2072 --- [    Test worker] o.s.b.w.embedded.tomcat.TomcatWebServer  : Tomcat initialized with port(s): 8080 (http)
2022-04-10 17:39:18.558  INFO 2072 --- [    Test worker] o.apache.catalina.core.StandardService   : Starting service [Tomcat]
2022-04-10 17:39:18.559  INFO 2072 --- [    Test worker] org.apache.catalina.core.StandardEngine  : Starting Servlet engine: [Apache Tomcat/9.0.58]
2022-04-10 17:39:18.571  INFO 2072 --- [    Test worker] o.a.c.c.C.[Tomcat-1].[localhost].[/]     : Initializing Spring embedded WebApplicationContext
2022-04-10 17:39:18.572  INFO 2072 --- [    Test worker] w.s.c.ServletWebServerApplicationContext : Root WebApplicationContext: initialization completed in 273 ms
2022-04-10 17:39:18.625  INFO 2072 --- [    Test worker] o.f.c.internal.license.VersionPrinter    : Flyway Community Edition 8.5.6 by Redgate
2022-04-10 17:39:18.625  INFO 2072 --- [    Test worker] o.f.c.internal.license.VersionPrinter    : See what's new here: https://flywaydb.org/documentation/learnmore/releaseNotes#8.5.6
2022-04-10 17:39:18.625  INFO 2072 --- [    Test worker] o.f.c.internal.license.VersionPrinter    : 
2022-04-10 17:39:18.626  INFO 2072 --- [    Test worker] com.zaxxer.hikari.HikariDataSource       : HikariPool-2 - Starting...
2022-04-10 17:39:18.628  INFO 2072 --- [    Test worker] com.zaxxer.hikari.HikariDataSource       : HikariPool-2 - Start completed.
2022-04-10 17:39:18.628  INFO 2072 --- [    Test worker] o.f.c.i.database.base.BaseDatabaseType   : Database: jdbc:h2:mem:development_db (H2 2.1)
2022-04-10 17:39:18.634  INFO 2072 --- [    Test worker] o.f.core.internal.command.DbValidate     : Successfully validated 2 migrations (execution time 00:00.001s)
2022-04-10 17:39:18.639  INFO 2072 --- [    Test worker] o.f.core.internal.command.DbMigrate      : Current version of schema "PUBLIC": 2
2022-04-10 17:39:18.640  INFO 2072 --- [    Test worker] o.f.core.internal.command.DbMigrate      : Schema "PUBLIC" is up to date. No migration necessary.
2022-04-10 17:39:18.657  INFO 2072 --- [    Test worker] o.hibernate.jpa.internal.util.LogHelper  : HHH000204: Processing PersistenceUnitInfo [name: default]
2022-04-10 17:39:18.660  INFO 2072 --- [    Test worker] org.hibernate.dialect.Dialect            : HHH000400: Using dialect: org.hibernate.dialect.H2Dialect
2022-04-10 17:39:18.753  INFO 2072 --- [    Test worker] o.h.e.t.j.p.i.JtaPlatformInitiator       : HHH000490: Using JtaPlatform implementation: [org.hibernate.engine.transaction.jta.platform.internal.NoJtaPlatform]
2022-04-10 17:39:18.754  INFO 2072 --- [    Test worker] j.LocalContainerEntityManagerFactoryBean : Initialized JPA EntityManagerFactory for persistence unit 'default'
2022-04-10 17:39:18.875  WARN 2072 --- [    Test worker] JpaBaseConfiguration$JpaWebConfiguration : spring.jpa.open-in-view is enabled by default. Therefore, database queries may be performed during view rendering. Explicitly configure spring.jpa.open-in-view to disable this warning
2022-04-10 17:39:18.995  INFO 2072 --- [    Test worker] o.s.b.w.embedded.tomcat.TomcatWebServer  : Tomcat started on port(s): 8080 (http) with context path ''
2022-04-10 17:39:18.998  INFO 2072 --- [    Test worker] c.w.c.CampaignOptimisationApplication    : Started CampaignOptimisationApplication in 0.74 seconds (JVM running for 12.253)
]]></system-out>
  <system-err><![CDATA[]]></system-err>
</testsuite>
