<?xml version="1.0" encoding="UTF-8"?>
<testsuite name="com.walshdanny700.campaign_optimisation.controller.CampaignGroupControllerIntegrationTest" tests="6" skipped="0" failures="0" errors="0" timestamp="2022-04-10T17:19:37" hostname="fv-az212-963" time="6.424">
  <properties/>
  <testcase name="givenGetRecommendationsForOptimisation_WhenValidOptimisationId_ThenReturnData()" classname="com.walshdanny700.campaign_optimisation.controller.CampaignGroupControllerIntegrationTest" time="1.634"/>
  <testcase name="givenApplyLatestRecommendation_WhenOptimisationStatusApplied_ThenReturnZeroUpdated()" classname="com.walshdanny700.campaign_optimisation.controller.CampaignGroupControllerIntegrationTest" time="1.085"/>
  <testcase name="givenGetCampaignsForGroup_WhenValidCampaignGroupId_ThenReturnData()" classname="com.walshdanny700.campaign_optimisation.controller.CampaignGroupControllerIntegrationTest" time="1.045"/>
  <testcase name="givenGetOptimisationForGroup_WhenValidCampaignGroupId_ThenReturnData()" classname="com.walshdanny700.campaign_optimisation.controller.CampaignGroupControllerIntegrationTest" time="0.745"/>
  <testcase name="givenApplyLatestRecommendation_WhenNotValidOptimisationId_ThenReturnZeroUpdated()" classname="com.walshdanny700.campaign_optimisation.controller.CampaignGroupControllerIntegrationTest" time="0.925"/>
  <testcase name="givenGetCampaignGroup_WhenSelected_ThenReturnData()" classname="com.walshdanny700.campaign_optimisation.controller.CampaignGroupControllerIntegrationTest" time="0.974"/>
  <system-out><![CDATA[2022-04-10 17:19:36.618  INFO 2009 --- [    Test worker] .b.t.c.SpringBootTestContextBootstrapper : Neither @ContextConfiguration nor @ContextHierarchy found for test class [com.walshdanny700.campaign_optimisation.controller.CampaignGroupControllerIntegrationTest], using SpringBootContextLoader
2022-04-10 17:19:36.619  INFO 2009 --- [    Test worker] o.s.t.c.support.AbstractContextLoader    : Could not detect default resource locations for test class [com.walshdanny700.campaign_optimisation.controller.CampaignGroupControllerIntegrationTest]: no resource found for suffixes {-context.xml, Context.groovy}.
2022-04-10 17:19:36.621  INFO 2009 --- [    Test worker] t.c.s.AnnotationConfigContextLoaderUtils : Could not detect default configuration classes for test class [com.walshdanny700.campaign_optimisation.controller.CampaignGroupControllerIntegrationTest]: CampaignGroupControllerIntegrationTest does not declare any static, non-private, non-final, nested classes annotated with @Configuration.
2022-04-10 17:19:36.642  INFO 2009 --- [    Test worker] .b.t.c.SpringBootTestContextBootstrapper : Found @SpringBootConfiguration com.walshdanny700.campaign_optimisation.CampaignOptimisationApplication for test class com.walshdanny700.campaign_optimisation.controller.CampaignGroupControllerIntegrationTest
2022-04-10 17:19:36.645  INFO 2009 --- [    Test worker] .b.t.c.SpringBootTestContextBootstrapper : Loaded default TestExecutionListener class names from location [META-INF/spring.factories]: [org.springframework.boot.test.autoconfigure.restdocs.RestDocsTestExecutionListener, org.springframework.boot.test.autoconfigure.web.client.MockRestServiceServerResetTestExecutionListener, org.springframework.boot.test.autoconfigure.web.servlet.MockMvcPrintOnlyOnFailureTestExecutionListener, org.springframework.boot.test.autoconfigure.web.servlet.WebDriverTestExecutionListener, org.springframework.boot.test.autoconfigure.webservices.client.MockWebServiceServerTestExecutionListener, org.springframework.boot.test.mock.mockito.MockitoTestExecutionListener, org.springframework.boot.test.mock.mockito.ResetMocksTestExecutionListener, org.springframework.test.context.web.ServletTestExecutionListener, org.springframework.test.context.support.DirtiesContextBeforeModesTestExecutionListener, org.springframework.test.context.event.ApplicationEventsTestExecutionListener, org.springframework.test.context.support.DependencyInjectionTestExecutionListener, org.springframework.test.context.support.DirtiesContextTestExecutionListener, org.springframework.test.context.transaction.TransactionalTestExecutionListener, org.springframework.test.context.jdbc.SqlScriptsTestExecutionListener, org.springframework.test.context.event.EventPublishingTestExecutionListener]
2022-04-10 17:19:36.647  INFO 2009 --- [    Test worker] .b.t.c.SpringBootTestContextBootstrapper : Using TestExecutionListeners: [org.springframework.test.context.web.ServletTestExecutionListener@3b458a81, org.springframework.test.context.support.DirtiesContextBeforeModesTestExecutionListener@66366fb3, org.springframework.test.context.event.ApplicationEventsTestExecutionListener@191b7cf2, org.springframework.boot.test.mock.mockito.MockitoTestExecutionListener@51b25bfd, org.springframework.boot.test.autoconfigure.SpringBootDependencyInjectionTestExecutionListener@4634c2c8, org.springframework.test.context.support.DirtiesContextTestExecutionListener@13aa664a, org.springframework.test.context.transaction.TransactionalTestExecutionListener@51947421, org.springframework.test.context.jdbc.SqlScriptsTestExecutionListener@123ab05d, org.springframework.test.context.event.EventPublishingTestExecutionListener@72781250, org.springframework.boot.test.autoconfigure.restdocs.RestDocsTestExecutionListener@32a0b263, org.springframework.boot.test.autoconfigure.web.client.MockRestServiceServerResetTestExecutionListener@40e7fd6a, org.springframework.boot.test.autoconfigure.web.servlet.MockMvcPrintOnlyOnFailureTestExecutionListener@7981573, org.springframework.boot.test.autoconfigure.web.servlet.WebDriverTestExecutionListener@35c07d42, org.springframework.boot.test.autoconfigure.webservices.client.MockWebServiceServerTestExecutionListener@2c4e233, org.springframework.boot.test.mock.mockito.ResetMocksTestExecutionListener@7db743ac]

  .   ____          _            __ _ _
 /\\ / ___'_ __ _ _(_)_ __  __ _ \ \ \ \
( ( )\___ | '_ | '_| | '_ \/ _` | \ \ \ \
 \\/  ___)| |_)| | | | | || (_| |  ) ) ) )
  '  |____| .__|_| |_|_| |_\__, | / / / /
 =========|_|==============|___/=/_/_/_/
 :: Spring Boot ::                (v2.6.4)

2022-04-10 17:19:36.699  INFO 2009 --- [    Test worker] c.CampaignGroupControllerIntegrationTest : Starting CampaignGroupControllerIntegrationTest using Java 17.0.2 on fv-az212-963 with PID 2009 (started by runner in /home/runner/work/campaign_optimisation/campaign_optimisation)
2022-04-10 17:19:36.700  INFO 2009 --- [    Test worker] c.CampaignGroupControllerIntegrationTest : The following 1 profile is active: "test"
2022-04-10 17:19:36.898  INFO 2009 --- [    Test worker] .s.d.r.c.RepositoryConfigurationDelegate : Bootstrapping Spring Data JPA repositories in DEFAULT mode.
2022-04-10 17:19:36.912  INFO 2009 --- [    Test worker] .s.d.r.c.RepositoryConfigurationDelegate : Finished Spring Data repository scanning in 12 ms. Found 4 JPA repository interfaces.
2022-04-10 17:19:36.965  INFO 2009 --- [    Test worker] beddedDataSourceBeanFactoryPostProcessor : Replacing 'dataSource' DataSource bean with embedded version
2022-04-10 17:19:37.105  INFO 2009 --- [    Test worker] o.s.b.w.embedded.tomcat.TomcatWebServer  : Tomcat initialized with port(s): 0 (http)
2022-04-10 17:19:37.107  INFO 2009 --- [    Test worker] o.apache.catalina.core.StandardService   : Starting service [Tomcat]
2022-04-10 17:19:37.109  INFO 2009 --- [    Test worker] org.apache.catalina.core.StandardEngine  : Starting Servlet engine: [Apache Tomcat/9.0.58]
2022-04-10 17:19:37.135  INFO 2009 --- [    Test worker] o.a.c.c.C.[Tomcat-2].[localhost].[/]     : Initializing Spring embedded WebApplicationContext
2022-04-10 17:19:37.136  INFO 2009 --- [    Test worker] w.s.c.ServletWebServerApplicationContext : Root WebApplicationContext: initialization completed in 432 ms
2022-04-10 17:19:37.215  INFO 2009 --- [    Test worker] o.s.j.d.e.EmbeddedDatabaseFactory        : Starting embedded database: url='jdbc:h2:mem:2c32c134-2cfb-4c1c-b310-64f5a2c31d9f;DB_CLOSE_DELAY=-1;DB_CLOSE_ON_EXIT=false', username='sa'
2022-04-10 17:19:37.236  INFO 2009 --- [    Test worker] o.f.c.internal.license.VersionPrinter    : Flyway Community Edition 8.5.6 by Redgate
2022-04-10 17:19:37.236  INFO 2009 --- [    Test worker] o.f.c.internal.license.VersionPrinter    : See what's new here: https://flywaydb.org/documentation/learnmore/releaseNotes#8.5.6
2022-04-10 17:19:37.236  INFO 2009 --- [    Test worker] o.f.c.internal.license.VersionPrinter    : 
2022-04-10 17:19:37.238  INFO 2009 --- [    Test worker] o.f.c.i.database.base.BaseDatabaseType   : Database: jdbc:h2:mem:2c32c134-2cfb-4c1c-b310-64f5a2c31d9f (H2 2.1)
2022-04-10 17:19:37.245  INFO 2009 --- [    Test worker] o.f.core.internal.command.DbValidate     : Successfully validated 2 migrations (execution time 00:00.001s)
2022-04-10 17:19:37.247  INFO 2009 --- [    Test worker] o.f.c.i.s.JdbcTableSchemaHistory         : Creating Schema History table "PUBLIC"."flyway_schema_history" ...
2022-04-10 17:19:37.253  INFO 2009 --- [    Test worker] o.f.core.internal.command.DbMigrate      : Current version of schema "PUBLIC": << Empty Schema >>
2022-04-10 17:19:37.255  INFO 2009 --- [    Test worker] o.f.core.internal.command.DbMigrate      : Migrating schema "PUBLIC" to version "1 - create campaigngroup"
2022-04-10 17:19:37.271  INFO 2009 --- [    Test worker] o.f.core.internal.command.DbMigrate      : Migrating schema "PUBLIC" to version "2 - ingest data"
2022-04-10 17:19:37.278  INFO 2009 --- [    Test worker] o.f.core.internal.command.DbMigrate      : Successfully applied 2 migrations to schema "PUBLIC", now at version v2 (execution time 00:00.026s)
2022-04-10 17:19:37.309  INFO 2009 --- [    Test worker] o.hibernate.jpa.internal.util.LogHelper  : HHH000204: Processing PersistenceUnitInfo [name: default]
2022-04-10 17:19:37.313  INFO 2009 --- [    Test worker] org.hibernate.dialect.Dialect            : HHH000400: Using dialect: org.hibernate.dialect.H2Dialect
2022-04-10 17:19:37.374  INFO 2009 --- [    Test worker] o.h.e.t.j.p.i.JtaPlatformInitiator       : HHH000490: Using JtaPlatform implementation: [org.hibernate.engine.transaction.jta.platform.internal.NoJtaPlatform]
2022-04-10 17:19:37.374  INFO 2009 --- [    Test worker] j.LocalContainerEntityManagerFactoryBean : Initialized JPA EntityManagerFactory for persistence unit 'default'
2022-04-10 17:19:37.544  WARN 2009 --- [    Test worker] JpaBaseConfiguration$JpaWebConfiguration : spring.jpa.open-in-view is enabled by default. Therefore, database queries may be performed during view rendering. Explicitly configure spring.jpa.open-in-view to disable this warning
2022-04-10 17:19:37.830  INFO 2009 --- [    Test worker] o.s.b.w.embedded.tomcat.TomcatWebServer  : Tomcat started on port(s): 40347 (http) with context path ''
2022-04-10 17:19:37.835  INFO 2009 --- [    Test worker] c.CampaignGroupControllerIntegrationTest : Started CampaignGroupControllerIntegrationTest in 1.184 seconds (JVM running for 14.786)
2022-04-10 17:19:37.890  INFO 2009 --- [    Test worker] j.LocalContainerEntityManagerFactoryBean : Closing JPA EntityManagerFactory for persistence unit 'default'

  .   ____          _            __ _ _
 /\\ / ___'_ __ _ _(_)_ __  __ _ \ \ \ \
( ( )\___ | '_ | '_| | '_ \/ _` | \ \ \ \
 \\/  ___)| |_)| | | | | || (_| |  ) ) ) )
  '  |____| .__|_| |_|_| |_\__, | / / / /
 =========|_|==============|___/=/_/_/_/
 :: Spring Boot ::                (v2.6.4)

2022-04-10 17:19:37.917  INFO 2009 --- [    Test worker] c.CampaignGroupControllerIntegrationTest : Starting CampaignGroupControllerIntegrationTest using Java 17.0.2 on fv-az212-963 with PID 2009 (started by runner in /home/runner/work/campaign_optimisation/campaign_optimisation)
2022-04-10 17:19:37.917  INFO 2009 --- [    Test worker] c.CampaignGroupControllerIntegrationTest : The following 1 profile is active: "test"
2022-04-10 17:19:38.078  INFO 2009 --- [    Test worker] .s.d.r.c.RepositoryConfigurationDelegate : Bootstrapping Spring Data JPA repositories in DEFAULT mode.
2022-04-10 17:19:38.092  INFO 2009 --- [    Test worker] .s.d.r.c.RepositoryConfigurationDelegate : Finished Spring Data repository scanning in 12 ms. Found 4 JPA repository interfaces.
2022-04-10 17:19:38.126  INFO 2009 --- [    Test worker] beddedDataSourceBeanFactoryPostProcessor : Replacing 'dataSource' DataSource bean with embedded version
2022-04-10 17:19:38.222  INFO 2009 --- [    Test worker] o.s.b.w.embedded.tomcat.TomcatWebServer  : Tomcat initialized with port(s): 0 (http)
2022-04-10 17:19:38.228  INFO 2009 --- [    Test worker] o.apache.catalina.core.StandardService   : Starting service [Tomcat]
2022-04-10 17:19:38.229  INFO 2009 --- [    Test worker] org.apache.catalina.core.StandardEngine  : Starting Servlet engine: [Apache Tomcat/9.0.58]
2022-04-10 17:19:38.249  INFO 2009 --- [    Test worker] o.a.c.c.C.[Tomcat-2].[localhost].[/]     : Initializing Spring embedded WebApplicationContext
2022-04-10 17:19:38.250  INFO 2009 --- [    Test worker] w.s.c.ServletWebServerApplicationContext : Root WebApplicationContext: initialization completed in 332 ms
2022-04-10 17:19:38.307  INFO 2009 --- [    Test worker] o.s.j.d.e.EmbeddedDatabaseFactory        : Starting embedded database: url='jdbc:h2:mem:82351347-4ea4-4ac3-b151-24da09cad3c5;DB_CLOSE_DELAY=-1;DB_CLOSE_ON_EXIT=false', username='sa'
2022-04-10 17:19:38.313  INFO 2009 --- [    Test worker] o.f.c.internal.license.VersionPrinter    : Flyway Community Edition 8.5.6 by Redgate
2022-04-10 17:19:38.313  INFO 2009 --- [    Test worker] o.f.c.internal.license.VersionPrinter    : See what's new here: https://flywaydb.org/documentation/learnmore/releaseNotes#8.5.6
2022-04-10 17:19:38.313  INFO 2009 --- [    Test worker] o.f.c.internal.license.VersionPrinter    : 
2022-04-10 17:19:38.315  INFO 2009 --- [    Test worker] o.f.c.i.database.base.BaseDatabaseType   : Database: jdbc:h2:mem:82351347-4ea4-4ac3-b151-24da09cad3c5 (H2 2.1)
2022-04-10 17:19:38.326  INFO 2009 --- [    Test worker] o.f.core.internal.command.DbValidate     : Successfully validated 2 migrations (execution time 00:00.000s)
2022-04-10 17:19:38.330  INFO 2009 --- [    Test worker] o.f.c.i.s.JdbcTableSchemaHistory         : Creating Schema History table "PUBLIC"."flyway_schema_history" ...
2022-04-10 17:19:38.343  INFO 2009 --- [    Test worker] o.f.core.internal.command.DbMigrate      : Current version of schema "PUBLIC": << Empty Schema >>
2022-04-10 17:19:38.351  INFO 2009 --- [    Test worker] o.f.core.internal.command.DbMigrate      : Migrating schema "PUBLIC" to version "1 - create campaigngroup"
2022-04-10 17:19:38.367  INFO 2009 --- [    Test worker] o.f.core.internal.command.DbMigrate      : Migrating schema "PUBLIC" to version "2 - ingest data"
2022-04-10 17:19:38.374  INFO 2009 --- [    Test worker] o.f.core.internal.command.DbMigrate      : Successfully applied 2 migrations to schema "PUBLIC", now at version v2 (execution time 00:00.034s)
2022-04-10 17:19:38.403  INFO 2009 --- [    Test worker] o.hibernate.jpa.internal.util.LogHelper  : HHH000204: Processing PersistenceUnitInfo [name: default]
2022-04-10 17:19:38.407  INFO 2009 --- [    Test worker] org.hibernate.dialect.Dialect            : HHH000400: Using dialect: org.hibernate.dialect.H2Dialect
2022-04-10 17:19:38.502  INFO 2009 --- [    Test worker] o.h.e.t.j.p.i.JtaPlatformInitiator       : HHH000490: Using JtaPlatform implementation: [org.hibernate.engine.transaction.jta.platform.internal.NoJtaPlatform]
2022-04-10 17:19:38.503  INFO 2009 --- [    Test worker] j.LocalContainerEntityManagerFactoryBean : Initialized JPA EntityManagerFactory for persistence unit 'default'
2022-04-10 17:19:38.678  WARN 2009 --- [    Test worker] JpaBaseConfiguration$JpaWebConfiguration : spring.jpa.open-in-view is enabled by default. Therefore, database queries may be performed during view rendering. Explicitly configure spring.jpa.open-in-view to disable this warning
2022-04-10 17:19:38.899  INFO 2009 --- [    Test worker] o.s.b.w.embedded.tomcat.TomcatWebServer  : Tomcat started on port(s): 46169 (http) with context path ''
2022-04-10 17:19:38.903  INFO 2009 --- [    Test worker] c.CampaignGroupControllerIntegrationTest : Started CampaignGroupControllerIntegrationTest in 1.009 seconds (JVM running for 15.854)
2022-04-10 17:19:39.083  INFO 2009 --- [o-auto-3-exec-1] o.a.c.c.C.[Tomcat-2].[localhost].[/]     : Initializing Spring DispatcherServlet 'dispatcherServlet'
2022-04-10 17:19:39.083  INFO 2009 --- [o-auto-3-exec-1] o.s.web.servlet.DispatcherServlet        : Initializing Servlet 'dispatcherServlet'
2022-04-10 17:19:39.084  INFO 2009 --- [o-auto-3-exec-1] o.s.web.servlet.DispatcherServlet        : Completed initialization in 1 ms
2022-04-10 17:19:39.510  INFO 2009 --- [    Test worker] j.LocalContainerEntityManagerFactoryBean : Closing JPA EntityManagerFactory for persistence unit 'default'

  .   ____          _            __ _ _
 /\\ / ___'_ __ _ _(_)_ __  __ _ \ \ \ \
( ( )\___ | '_ | '_| | '_ \/ _` | \ \ \ \
 \\/  ___)| |_)| | | | | || (_| |  ) ) ) )
  '  |____| .__|_| |_|_| |_\__, | / / / /
 =========|_|==============|___/=/_/_/_/
 :: Spring Boot ::                (v2.6.4)

2022-04-10 17:19:39.554  INFO 2009 --- [    Test worker] c.CampaignGroupControllerIntegrationTest : Starting CampaignGroupControllerIntegrationTest using Java 17.0.2 on fv-az212-963 with PID 2009 (started by runner in /home/runner/work/campaign_optimisation/campaign_optimisation)
2022-04-10 17:19:39.554  INFO 2009 --- [    Test worker] c.CampaignGroupControllerIntegrationTest : The following 1 profile is active: "test"
2022-04-10 17:19:39.722  INFO 2009 --- [    Test worker] .s.d.r.c.RepositoryConfigurationDelegate : Bootstrapping Spring Data JPA repositories in DEFAULT mode.
2022-04-10 17:19:39.736  INFO 2009 --- [    Test worker] .s.d.r.c.RepositoryConfigurationDelegate : Finished Spring Data repository scanning in 12 ms. Found 4 JPA repository interfaces.
2022-04-10 17:19:39.759  INFO 2009 --- [    Test worker] beddedDataSourceBeanFactoryPostProcessor : Replacing 'dataSource' DataSource bean with embedded version
2022-04-10 17:19:39.843  INFO 2009 --- [    Test worker] o.s.b.w.embedded.tomcat.TomcatWebServer  : Tomcat initialized with port(s): 0 (http)
2022-04-10 17:19:39.844  INFO 2009 --- [    Test worker] o.apache.catalina.core.StandardService   : Starting service [Tomcat]
2022-04-10 17:19:39.844  INFO 2009 --- [    Test worker] org.apache.catalina.core.StandardEngine  : Starting Servlet engine: [Apache Tomcat/9.0.58]
2022-04-10 17:19:39.854  INFO 2009 --- [    Test worker] o.a.c.c.C.[Tomcat-2].[localhost].[/]     : Initializing Spring embedded WebApplicationContext
2022-04-10 17:19:39.855  INFO 2009 --- [    Test worker] w.s.c.ServletWebServerApplicationContext : Root WebApplicationContext: initialization completed in 297 ms
2022-04-10 17:19:39.903  INFO 2009 --- [    Test worker] o.s.j.d.e.EmbeddedDatabaseFactory        : Starting embedded database: url='jdbc:h2:mem:86711eba-b0d1-4c9d-a2fc-9d33fc48642e;DB_CLOSE_DELAY=-1;DB_CLOSE_ON_EXIT=false', username='sa'
2022-04-10 17:19:39.909  INFO 2009 --- [    Test worker] o.f.c.internal.license.VersionPrinter    : Flyway Community Edition 8.5.6 by Redgate
2022-04-10 17:19:39.909  INFO 2009 --- [    Test worker] o.f.c.internal.license.VersionPrinter    : See what's new here: https://flywaydb.org/documentation/learnmore/releaseNotes#8.5.6
2022-04-10 17:19:39.909  INFO 2009 --- [    Test worker] o.f.c.internal.license.VersionPrinter    : 
2022-04-10 17:19:39.910  INFO 2009 --- [    Test worker] o.f.c.i.database.base.BaseDatabaseType   : Database: jdbc:h2:mem:86711eba-b0d1-4c9d-a2fc-9d33fc48642e (H2 2.1)
2022-04-10 17:19:39.929  INFO 2009 --- [    Test worker] o.f.core.internal.command.DbValidate     : Successfully validated 2 migrations (execution time 00:00.001s)
2022-04-10 17:19:39.931  INFO 2009 --- [    Test worker] o.f.c.i.s.JdbcTableSchemaHistory         : Creating Schema History table "PUBLIC"."flyway_schema_history" ...
2022-04-10 17:19:39.936  INFO 2009 --- [    Test worker] o.f.core.internal.command.DbMigrate      : Current version of schema "PUBLIC": << Empty Schema >>
2022-04-10 17:19:39.939  INFO 2009 --- [    Test worker] o.f.core.internal.command.DbMigrate      : Migrating schema "PUBLIC" to version "1 - create campaigngroup"
2022-04-10 17:19:39.960  INFO 2009 --- [    Test worker] o.f.core.internal.command.DbMigrate      : Migrating schema "PUBLIC" to version "2 - ingest data"
2022-04-10 17:19:39.975  INFO 2009 --- [    Test worker] o.f.core.internal.command.DbMigrate      : Successfully applied 2 migrations to schema "PUBLIC", now at version v2 (execution time 00:00.039s)
2022-04-10 17:19:40.009  INFO 2009 --- [    Test worker] o.hibernate.jpa.internal.util.LogHelper  : HHH000204: Processing PersistenceUnitInfo [name: default]
2022-04-10 17:19:40.018  INFO 2009 --- [    Test worker] org.hibernate.dialect.Dialect            : HHH000400: Using dialect: org.hibernate.dialect.H2Dialect
2022-04-10 17:19:40.082  INFO 2009 --- [    Test worker] o.h.e.t.j.p.i.JtaPlatformInitiator       : HHH000490: Using JtaPlatform implementation: [org.hibernate.engine.transaction.jta.platform.internal.NoJtaPlatform]
2022-04-10 17:19:40.082  INFO 2009 --- [    Test worker] j.LocalContainerEntityManagerFactoryBean : Initialized JPA EntityManagerFactory for persistence unit 'default'
2022-04-10 17:19:40.202  WARN 2009 --- [    Test worker] JpaBaseConfiguration$JpaWebConfiguration : spring.jpa.open-in-view is enabled by default. Therefore, database queries may be performed during view rendering. Explicitly configure spring.jpa.open-in-view to disable this warning
2022-04-10 17:19:40.434  INFO 2009 --- [    Test worker] o.s.b.w.embedded.tomcat.TomcatWebServer  : Tomcat started on port(s): 39647 (http) with context path ''
2022-04-10 17:19:40.438  INFO 2009 --- [    Test worker] c.CampaignGroupControllerIntegrationTest : Started CampaignGroupControllerIntegrationTest in 0.924 seconds (JVM running for 17.39)
2022-04-10 17:19:40.452  INFO 2009 --- [o-auto-4-exec-1] o.a.c.c.C.[Tomcat-2].[localhost].[/]     : Initializing Spring DispatcherServlet 'dispatcherServlet'
2022-04-10 17:19:40.452  INFO 2009 --- [o-auto-4-exec-1] o.s.web.servlet.DispatcherServlet        : Initializing Servlet 'dispatcherServlet'
2022-04-10 17:19:40.452  INFO 2009 --- [o-auto-4-exec-1] o.s.web.servlet.DispatcherServlet        : Completed initialization in 0 ms
2022-04-10 17:19:40.590  INFO 2009 --- [    Test worker] j.LocalContainerEntityManagerFactoryBean : Closing JPA EntityManagerFactory for persistence unit 'default'

  .   ____          _            __ _ _
 /\\ / ___'_ __ _ _(_)_ __  __ _ \ \ \ \
( ( )\___ | '_ | '_| | '_ \/ _` | \ \ \ \
 \\/  ___)| |_)| | | | | || (_| |  ) ) ) )
  '  |____| .__|_| |_|_| |_\__, | / / / /
 =========|_|==============|___/=/_/_/_/
 :: Spring Boot ::                (v2.6.4)

2022-04-10 17:19:40.612  INFO 2009 --- [    Test worker] c.CampaignGroupControllerIntegrationTest : Starting CampaignGroupControllerIntegrationTest using Java 17.0.2 on fv-az212-963 with PID 2009 (started by runner in /home/runner/work/campaign_optimisation/campaign_optimisation)
2022-04-10 17:19:40.612  INFO 2009 --- [    Test worker] c.CampaignGroupControllerIntegrationTest : The following 1 profile is active: "test"
2022-04-10 17:19:40.727  INFO 2009 --- [    Test worker] .s.d.r.c.RepositoryConfigurationDelegate : Bootstrapping Spring Data JPA repositories in DEFAULT mode.
2022-04-10 17:19:40.734  INFO 2009 --- [    Test worker] .s.d.r.c.RepositoryConfigurationDelegate : Finished Spring Data repository scanning in 6 ms. Found 4 JPA repository interfaces.
2022-04-10 17:19:40.753  INFO 2009 --- [    Test worker] beddedDataSourceBeanFactoryPostProcessor : Replacing 'dataSource' DataSource bean with embedded version
2022-04-10 17:19:40.874  INFO 2009 --- [    Test worker] o.s.b.w.embedded.tomcat.TomcatWebServer  : Tomcat initialized with port(s): 0 (http)
2022-04-10 17:19:40.875  INFO 2009 --- [    Test worker] o.apache.catalina.core.StandardService   : Starting service [Tomcat]
2022-04-10 17:19:40.877  INFO 2009 --- [    Test worker] org.apache.catalina.core.StandardEngine  : Starting Servlet engine: [Apache Tomcat/9.0.58]
2022-04-10 17:19:40.890  INFO 2009 --- [    Test worker] o.a.c.c.C.[Tomcat-2].[localhost].[/]     : Initializing Spring embedded WebApplicationContext
2022-04-10 17:19:40.893  INFO 2009 --- [    Test worker] w.s.c.ServletWebServerApplicationContext : Root WebApplicationContext: initialization completed in 279 ms
2022-04-10 17:19:40.953  INFO 2009 --- [    Test worker] o.s.j.d.e.EmbeddedDatabaseFactory        : Starting embedded database: url='jdbc:h2:mem:aff5a5f7-ec0b-424d-af3b-0f89f6b341c9;DB_CLOSE_DELAY=-1;DB_CLOSE_ON_EXIT=false', username='sa'
2022-04-10 17:19:40.968  INFO 2009 --- [    Test worker] o.f.c.internal.license.VersionPrinter    : Flyway Community Edition 8.5.6 by Redgate
2022-04-10 17:19:40.969  INFO 2009 --- [    Test worker] o.f.c.internal.license.VersionPrinter    : See what's new here: https://flywaydb.org/documentation/learnmore/releaseNotes#8.5.6
2022-04-10 17:19:40.973  INFO 2009 --- [    Test worker] o.f.c.internal.license.VersionPrinter    : 
2022-04-10 17:19:40.977  INFO 2009 --- [    Test worker] o.f.c.i.database.base.BaseDatabaseType   : Database: jdbc:h2:mem:aff5a5f7-ec0b-424d-af3b-0f89f6b341c9 (H2 2.1)
2022-04-10 17:19:41.000  INFO 2009 --- [    Test worker] o.f.core.internal.command.DbValidate     : Successfully validated 2 migrations (execution time 00:00.000s)
2022-04-10 17:19:41.001  INFO 2009 --- [    Test worker] o.f.c.i.s.JdbcTableSchemaHistory         : Creating Schema History table "PUBLIC"."flyway_schema_history" ...
2022-04-10 17:19:41.016  INFO 2009 --- [    Test worker] o.f.core.internal.command.DbMigrate      : Current version of schema "PUBLIC": << Empty Schema >>
2022-04-10 17:19:41.019  INFO 2009 --- [    Test worker] o.f.core.internal.command.DbMigrate      : Migrating schema "PUBLIC" to version "1 - create campaigngroup"
2022-04-10 17:19:41.049  INFO 2009 --- [    Test worker] o.f.core.internal.command.DbMigrate      : Migrating schema "PUBLIC" to version "2 - ingest data"
2022-04-10 17:19:41.057  INFO 2009 --- [    Test worker] o.f.core.internal.command.DbMigrate      : Successfully applied 2 migrations to schema "PUBLIC", now at version v2 (execution time 00:00.040s)
2022-04-10 17:19:41.088  INFO 2009 --- [    Test worker] o.hibernate.jpa.internal.util.LogHelper  : HHH000204: Processing PersistenceUnitInfo [name: default]
2022-04-10 17:19:41.099  INFO 2009 --- [    Test worker] org.hibernate.dialect.Dialect            : HHH000400: Using dialect: org.hibernate.dialect.H2Dialect
2022-04-10 17:19:41.200  INFO 2009 --- [    Test worker] o.h.e.t.j.p.i.JtaPlatformInitiator       : HHH000490: Using JtaPlatform implementation: [org.hibernate.engine.transaction.jta.platform.internal.NoJtaPlatform]
2022-04-10 17:19:41.201  INFO 2009 --- [    Test worker] j.LocalContainerEntityManagerFactoryBean : Initialized JPA EntityManagerFactory for persistence unit 'default'
2022-04-10 17:19:41.350  WARN 2009 --- [    Test worker] JpaBaseConfiguration$JpaWebConfiguration : spring.jpa.open-in-view is enabled by default. Therefore, database queries may be performed during view rendering. Explicitly configure spring.jpa.open-in-view to disable this warning
2022-04-10 17:19:41.594  INFO 2009 --- [    Test worker] o.s.b.w.embedded.tomcat.TomcatWebServer  : Tomcat started on port(s): 43825 (http) with context path ''
2022-04-10 17:19:41.597  INFO 2009 --- [    Test worker] c.CampaignGroupControllerIntegrationTest : Started CampaignGroupControllerIntegrationTest in 1.005 seconds (JVM running for 18.548)
2022-04-10 17:19:41.604  INFO 2009 --- [o-auto-5-exec-1] o.a.c.c.C.[Tomcat-2].[localhost].[/]     : Initializing Spring DispatcherServlet 'dispatcherServlet'
2022-04-10 17:19:41.604  INFO 2009 --- [o-auto-5-exec-1] o.s.web.servlet.DispatcherServlet        : Initializing Servlet 'dispatcherServlet'
2022-04-10 17:19:41.605  INFO 2009 --- [o-auto-5-exec-1] o.s.web.servlet.DispatcherServlet        : Completed initialization in 1 ms
2022-04-10 17:19:41.657  INFO 2009 --- [    Test worker] j.LocalContainerEntityManagerFactoryBean : Closing JPA EntityManagerFactory for persistence unit 'default'

  .   ____          _            __ _ _
 /\\ / ___'_ __ _ _(_)_ __  __ _ \ \ \ \
( ( )\___ | '_ | '_| | '_ \/ _` | \ \ \ \
 \\/  ___)| |_)| | | | | || (_| |  ) ) ) )
  '  |____| .__|_| |_|_| |_\__, | / / / /
 =========|_|==============|___/=/_/_/_/
 :: Spring Boot ::                (v2.6.4)

2022-04-10 17:19:41.693  INFO 2009 --- [    Test worker] c.CampaignGroupControllerIntegrationTest : Starting CampaignGroupControllerIntegrationTest using Java 17.0.2 on fv-az212-963 with PID 2009 (started by runner in /home/runner/work/campaign_optimisation/campaign_optimisation)
2022-04-10 17:19:41.694  INFO 2009 --- [    Test worker] c.CampaignGroupControllerIntegrationTest : The following 1 profile is active: "test"
2022-04-10 17:19:41.790  INFO 2009 --- [    Test worker] .s.d.r.c.RepositoryConfigurationDelegate : Bootstrapping Spring Data JPA repositories in DEFAULT mode.
2022-04-10 17:19:41.797  INFO 2009 --- [    Test worker] .s.d.r.c.RepositoryConfigurationDelegate : Finished Spring Data repository scanning in 6 ms. Found 4 JPA repository interfaces.
2022-04-10 17:19:41.830  INFO 2009 --- [    Test worker] beddedDataSourceBeanFactoryPostProcessor : Replacing 'dataSource' DataSource bean with embedded version
2022-04-10 17:19:41.900  INFO 2009 --- [    Test worker] o.s.b.w.embedded.tomcat.TomcatWebServer  : Tomcat initialized with port(s): 0 (http)
2022-04-10 17:19:41.901  INFO 2009 --- [    Test worker] o.apache.catalina.core.StandardService   : Starting service [Tomcat]
2022-04-10 17:19:41.901  INFO 2009 --- [    Test worker] org.apache.catalina.core.StandardEngine  : Starting Servlet engine: [Apache Tomcat/9.0.58]
2022-04-10 17:19:41.911  INFO 2009 --- [    Test worker] o.a.c.c.C.[Tomcat-2].[localhost].[/]     : Initializing Spring embedded WebApplicationContext
2022-04-10 17:19:41.911  INFO 2009 --- [    Test worker] w.s.c.ServletWebServerApplicationContext : Root WebApplicationContext: initialization completed in 216 ms
2022-04-10 17:19:41.957  INFO 2009 --- [    Test worker] o.s.j.d.e.EmbeddedDatabaseFactory        : Starting embedded database: url='jdbc:h2:mem:7bb897b2-dee4-4b89-b423-b62dd8228c35;DB_CLOSE_DELAY=-1;DB_CLOSE_ON_EXIT=false', username='sa'
2022-04-10 17:19:41.963  INFO 2009 --- [    Test worker] o.f.c.internal.license.VersionPrinter    : Flyway Community Edition 8.5.6 by Redgate
2022-04-10 17:19:41.963  INFO 2009 --- [    Test worker] o.f.c.internal.license.VersionPrinter    : See what's new here: https://flywaydb.org/documentation/learnmore/releaseNotes#8.5.6
2022-04-10 17:19:41.963  INFO 2009 --- [    Test worker] o.f.c.internal.license.VersionPrinter    : 
2022-04-10 17:19:41.964  INFO 2009 --- [    Test worker] o.f.c.i.database.base.BaseDatabaseType   : Database: jdbc:h2:mem:7bb897b2-dee4-4b89-b423-b62dd8228c35 (H2 2.1)
2022-04-10 17:19:41.968  INFO 2009 --- [    Test worker] o.f.core.internal.command.DbValidate     : Successfully validated 2 migrations (execution time 00:00.000s)
2022-04-10 17:19:41.969  INFO 2009 --- [    Test worker] o.f.c.i.s.JdbcTableSchemaHistory         : Creating Schema History table "PUBLIC"."flyway_schema_history" ...
2022-04-10 17:19:41.973  INFO 2009 --- [    Test worker] o.f.core.internal.command.DbMigrate      : Current version of schema "PUBLIC": << Empty Schema >>
2022-04-10 17:19:41.976  INFO 2009 --- [    Test worker] o.f.core.internal.command.DbMigrate      : Migrating schema "PUBLIC" to version "1 - create campaigngroup"
2022-04-10 17:19:41.987  INFO 2009 --- [    Test worker] o.f.core.internal.command.DbMigrate      : Migrating schema "PUBLIC" to version "2 - ingest data"
2022-04-10 17:19:41.992  INFO 2009 --- [    Test worker] o.f.core.internal.command.DbMigrate      : Successfully applied 2 migrations to schema "PUBLIC", now at version v2 (execution time 00:00.019s)
2022-04-10 17:19:42.015  INFO 2009 --- [    Test worker] o.hibernate.jpa.internal.util.LogHelper  : HHH000204: Processing PersistenceUnitInfo [name: default]
2022-04-10 17:19:42.018  INFO 2009 --- [    Test worker] org.hibernate.dialect.Dialect            : HHH000400: Using dialect: org.hibernate.dialect.H2Dialect
2022-04-10 17:19:42.060  INFO 2009 --- [    Test worker] o.h.e.t.j.p.i.JtaPlatformInitiator       : HHH000490: Using JtaPlatform implementation: [org.hibernate.engine.transaction.jta.platform.internal.NoJtaPlatform]
2022-04-10 17:19:42.060  INFO 2009 --- [    Test worker] j.LocalContainerEntityManagerFactoryBean : Initialized JPA EntityManagerFactory for persistence unit 'default'
2022-04-10 17:19:42.175  WARN 2009 --- [    Test worker] JpaBaseConfiguration$JpaWebConfiguration : spring.jpa.open-in-view is enabled by default. Therefore, database queries may be performed during view rendering. Explicitly configure spring.jpa.open-in-view to disable this warning
2022-04-10 17:19:42.356  INFO 2009 --- [    Test worker] o.s.b.w.embedded.tomcat.TomcatWebServer  : Tomcat started on port(s): 34701 (http) with context path ''
2022-04-10 17:19:42.359  INFO 2009 --- [    Test worker] c.CampaignGroupControllerIntegrationTest : Started CampaignGroupControllerIntegrationTest in 0.695 seconds (JVM running for 19.31)
2022-04-10 17:19:42.366  INFO 2009 --- [o-auto-6-exec-1] o.a.c.c.C.[Tomcat-2].[localhost].[/]     : Initializing Spring DispatcherServlet 'dispatcherServlet'
2022-04-10 17:19:42.366  INFO 2009 --- [o-auto-6-exec-1] o.s.web.servlet.DispatcherServlet        : Initializing Servlet 'dispatcherServlet'
2022-04-10 17:19:42.367  INFO 2009 --- [o-auto-6-exec-1] o.s.web.servlet.DispatcherServlet        : Completed initialization in 0 ms
2022-04-10 17:19:42.395  INFO 2009 --- [    Test worker] j.LocalContainerEntityManagerFactoryBean : Closing JPA EntityManagerFactory for persistence unit 'default'

  .   ____          _            __ _ _
 /\\ / ___'_ __ _ _(_)_ __  __ _ \ \ \ \
( ( )\___ | '_ | '_| | '_ \/ _` | \ \ \ \
 \\/  ___)| |_)| | | | | || (_| |  ) ) ) )
  '  |____| .__|_| |_|_| |_\__, | / / / /
 =========|_|==============|___/=/_/_/_/
 :: Spring Boot ::                (v2.6.4)

2022-04-10 17:19:42.432  INFO 2009 --- [    Test worker] c.CampaignGroupControllerIntegrationTest : Starting CampaignGroupControllerIntegrationTest using Java 17.0.2 on fv-az212-963 with PID 2009 (started by runner in /home/runner/work/campaign_optimisation/campaign_optimisation)
2022-04-10 17:19:42.433  INFO 2009 --- [    Test worker] c.CampaignGroupControllerIntegrationTest : The following 1 profile is active: "test"
2022-04-10 17:19:42.560  INFO 2009 --- [    Test worker] .s.d.r.c.RepositoryConfigurationDelegate : Bootstrapping Spring Data JPA repositories in DEFAULT mode.
2022-04-10 17:19:42.573  INFO 2009 --- [    Test worker] .s.d.r.c.RepositoryConfigurationDelegate : Finished Spring Data repository scanning in 11 ms. Found 4 JPA repository interfaces.
2022-04-10 17:19:42.604  INFO 2009 --- [    Test worker] beddedDataSourceBeanFactoryPostProcessor : Replacing 'dataSource' DataSource bean with embedded version
2022-04-10 17:19:42.685  INFO 2009 --- [    Test worker] o.s.b.w.embedded.tomcat.TomcatWebServer  : Tomcat initialized with port(s): 0 (http)
2022-04-10 17:19:42.686  INFO 2009 --- [    Test worker] o.apache.catalina.core.StandardService   : Starting service [Tomcat]
2022-04-10 17:19:42.687  INFO 2009 --- [    Test worker] org.apache.catalina.core.StandardEngine  : Starting Servlet engine: [Apache Tomcat/9.0.58]
2022-04-10 17:19:42.697  INFO 2009 --- [    Test worker] o.a.c.c.C.[Tomcat-2].[localhost].[/]     : Initializing Spring embedded WebApplicationContext
2022-04-10 17:19:42.698  INFO 2009 --- [    Test worker] w.s.c.ServletWebServerApplicationContext : Root WebApplicationContext: initialization completed in 264 ms
2022-04-10 17:19:42.746  INFO 2009 --- [    Test worker] o.s.j.d.e.EmbeddedDatabaseFactory        : Starting embedded database: url='jdbc:h2:mem:0ff6780c-e00a-407b-a9af-eb8bf926f5b4;DB_CLOSE_DELAY=-1;DB_CLOSE_ON_EXIT=false', username='sa'
2022-04-10 17:19:42.752  INFO 2009 --- [    Test worker] o.f.c.internal.license.VersionPrinter    : Flyway Community Edition 8.5.6 by Redgate
2022-04-10 17:19:42.753  INFO 2009 --- [    Test worker] o.f.c.internal.license.VersionPrinter    : See what's new here: https://flywaydb.org/documentation/learnmore/releaseNotes#8.5.6
2022-04-10 17:19:42.753  INFO 2009 --- [    Test worker] o.f.c.internal.license.VersionPrinter    : 
2022-04-10 17:19:42.755  INFO 2009 --- [    Test worker] o.f.c.i.database.base.BaseDatabaseType   : Database: jdbc:h2:mem:0ff6780c-e00a-407b-a9af-eb8bf926f5b4 (H2 2.1)
2022-04-10 17:19:42.759  INFO 2009 --- [    Test worker] o.f.core.internal.command.DbValidate     : Successfully validated 2 migrations (execution time 00:00.000s)
2022-04-10 17:19:42.761  INFO 2009 --- [    Test worker] o.f.c.i.s.JdbcTableSchemaHistory         : Creating Schema History table "PUBLIC"."flyway_schema_history" ...
2022-04-10 17:19:42.765  INFO 2009 --- [    Test worker] o.f.core.internal.command.DbMigrate      : Current version of schema "PUBLIC": << Empty Schema >>
2022-04-10 17:19:42.768  INFO 2009 --- [    Test worker] o.f.core.internal.command.DbMigrate      : Migrating schema "PUBLIC" to version "1 - create campaigngroup"
2022-04-10 17:19:42.787  INFO 2009 --- [    Test worker] o.f.core.internal.command.DbMigrate      : Migrating schema "PUBLIC" to version "2 - ingest data"
2022-04-10 17:19:42.800  INFO 2009 --- [    Test worker] o.f.core.internal.command.DbMigrate      : Successfully applied 2 migrations to schema "PUBLIC", now at version v2 (execution time 00:00.035s)
2022-04-10 17:19:42.836  INFO 2009 --- [    Test worker] o.hibernate.jpa.internal.util.LogHelper  : HHH000204: Processing PersistenceUnitInfo [name: default]
2022-04-10 17:19:42.841  INFO 2009 --- [    Test worker] org.hibernate.dialect.Dialect            : HHH000400: Using dialect: org.hibernate.dialect.H2Dialect
2022-04-10 17:19:42.910  INFO 2009 --- [    Test worker] o.h.e.t.j.p.i.JtaPlatformInitiator       : HHH000490: Using JtaPlatform implementation: [org.hibernate.engine.transaction.jta.platform.internal.NoJtaPlatform]
2022-04-10 17:19:42.911  INFO 2009 --- [    Test worker] j.LocalContainerEntityManagerFactoryBean : Initialized JPA EntityManagerFactory for persistence unit 'default'
2022-04-10 17:19:43.068  WARN 2009 --- [    Test worker] JpaBaseConfiguration$JpaWebConfiguration : spring.jpa.open-in-view is enabled by default. Therefore, database queries may be performed during view rendering. Explicitly configure spring.jpa.open-in-view to disable this warning
2022-04-10 17:19:43.279  INFO 2009 --- [    Test worker] o.s.b.w.embedded.tomcat.TomcatWebServer  : Tomcat started on port(s): 36187 (http) with context path ''
2022-04-10 17:19:43.283  INFO 2009 --- [    Test worker] c.CampaignGroupControllerIntegrationTest : Started CampaignGroupControllerIntegrationTest in 0.884 seconds (JVM running for 20.234)
2022-04-10 17:19:43.290  INFO 2009 --- [    Test worker] o.s.t.c.transaction.TransactionContext   : Began transaction (1) for test context [DefaultTestContext@20054016 testClass = CampaignGroupControllerIntegrationTest, testInstance = com.walshdanny700.campaign_optimisation.controller.CampaignGroupControllerIntegrationTest@674346bc, testMethod = givenApplyLatestRecommendation_WhenNotValidOptimisationId_ThenReturnZeroUpdated@CampaignGroupControllerIntegrationTest, testException = [null], mergedContextConfiguration = [WebMergedContextConfiguration@1679473f testClass = CampaignGroupControllerIntegrationTest, locations = '{}', classes = '{class com.walshdanny700.campaign_optimisation.CampaignOptimisationApplication}', contextInitializerClasses = '[]', activeProfiles = '{test}', propertySourceLocations = '{}', propertySourceProperties = '{org.springframework.boot.test.context.SpringBootTestContextBootstrapper=true, server.port=0}', contextCustomizers = set[org.springframework.boot.test.autoconfigure.actuate.metrics.MetricsExportContextCustomizerFactory$DisableMetricExportContextCustomizer@72ee5d84, org.springframework.boot.test.autoconfigure.properties.PropertyMappingContextCustomizer@aa228537, org.springframework.boot.test.autoconfigure.web.servlet.WebDriverContextCustomizerFactory$Customizer@3fbfbf84, [ImportsContextCustomizer@71d93d18 key = [org.springframework.boot.test.autoconfigure.jdbc.TestDatabaseAutoConfiguration, org.springframework.boot.autoconfigure.jdbc.DataSourceAutoConfiguration]], org.springframework.boot.test.context.filter.ExcludeFilterContextCustomizer@4a7a965d, org.springframework.boot.test.json.DuplicateJsonObjectContextCustomizerFactory$DuplicateJsonObjectContextCustomizer@288cdaab, org.springframework.boot.test.mock.mockito.MockitoContextCustomizer@0, org.springframework.boot.test.web.client.TestRestTemplateContextCustomizer@f446158, org.springframework.boot.test.context.SpringBootTestArgs@1, org.springframework.boot.test.context.SpringBootTestWebEnvironment@607fbe09], resourceBasePath = 'src/main/webapp', contextLoader = 'org.springframework.boot.test.context.SpringBootContextLoader', parent = [null]], attributes = map['org.springframework.test.context.web.ServletTestExecutionListener.activateListener' -> false, 'org.springframework.test.context.event.ApplicationEventsTestExecutionListener.recordApplicationEvents' -> false]]; transaction manager [org.springframework.orm.jpa.JpaTransactionManager@5afb7251]; rollback [true]
2022-04-10 17:19:43.295  INFO 2009 --- [o-auto-7-exec-1] o.a.c.c.C.[Tomcat-2].[localhost].[/]     : Initializing Spring DispatcherServlet 'dispatcherServlet'
2022-04-10 17:19:43.295  INFO 2009 --- [o-auto-7-exec-1] o.s.web.servlet.DispatcherServlet        : Initializing Servlet 'dispatcherServlet'
2022-04-10 17:19:43.296  INFO 2009 --- [o-auto-7-exec-1] o.s.web.servlet.DispatcherServlet        : Completed initialization in 1 ms
2022-04-10 17:19:43.307  INFO 2009 --- [    Test worker] o.s.t.c.transaction.TransactionContext   : Rolled back transaction for test: [DefaultTestContext@20054016 testClass = CampaignGroupControllerIntegrationTest, testInstance = com.walshdanny700.campaign_optimisation.controller.CampaignGroupControllerIntegrationTest@674346bc, testMethod = givenApplyLatestRecommendation_WhenNotValidOptimisationId_ThenReturnZeroUpdated@CampaignGroupControllerIntegrationTest, testException = [null], mergedContextConfiguration = [WebMergedContextConfiguration@1679473f testClass = CampaignGroupControllerIntegrationTest, locations = '{}', classes = '{class com.walshdanny700.campaign_optimisation.CampaignOptimisationApplication}', contextInitializerClasses = '[]', activeProfiles = '{test}', propertySourceLocations = '{}', propertySourceProperties = '{org.springframework.boot.test.context.SpringBootTestContextBootstrapper=true, server.port=0}', contextCustomizers = set[org.springframework.boot.test.autoconfigure.actuate.metrics.MetricsExportContextCustomizerFactory$DisableMetricExportContextCustomizer@72ee5d84, org.springframework.boot.test.autoconfigure.properties.PropertyMappingContextCustomizer@aa228537, org.springframework.boot.test.autoconfigure.web.servlet.WebDriverContextCustomizerFactory$Customizer@3fbfbf84, [ImportsContextCustomizer@71d93d18 key = [org.springframework.boot.test.autoconfigure.jdbc.TestDatabaseAutoConfiguration, org.springframework.boot.autoconfigure.jdbc.DataSourceAutoConfiguration]], org.springframework.boot.test.context.filter.ExcludeFilterContextCustomizer@4a7a965d, org.springframework.boot.test.json.DuplicateJsonObjectContextCustomizerFactory$DuplicateJsonObjectContextCustomizer@288cdaab, org.springframework.boot.test.mock.mockito.MockitoContextCustomizer@0, org.springframework.boot.test.web.client.TestRestTemplateContextCustomizer@f446158, org.springframework.boot.test.context.SpringBootTestArgs@1, org.springframework.boot.test.context.SpringBootTestWebEnvironment@607fbe09], resourceBasePath = 'src/main/webapp', contextLoader = 'org.springframework.boot.test.context.SpringBootContextLoader', parent = [null]], attributes = map['org.springframework.test.context.web.ServletTestExecutionListener.activateListener' -> false, 'org.springframework.test.context.event.ApplicationEventsTestExecutionListener.recordApplicationEvents' -> false]]
2022-04-10 17:19:43.318  INFO 2009 --- [    Test worker] j.LocalContainerEntityManagerFactoryBean : Closing JPA EntityManagerFactory for persistence unit 'default'

  .   ____          _            __ _ _
 /\\ / ___'_ __ _ _(_)_ __  __ _ \ \ \ \
( ( )\___ | '_ | '_| | '_ \/ _` | \ \ \ \
 \\/  ___)| |_)| | | | | || (_| |  ) ) ) )
  '  |____| .__|_| |_|_| |_\__, | / / / /
 =========|_|==============|___/=/_/_/_/
 :: Spring Boot ::                (v2.6.4)

2022-04-10 17:19:43.338  INFO 2009 --- [    Test worker] c.CampaignGroupControllerIntegrationTest : Starting CampaignGroupControllerIntegrationTest using Java 17.0.2 on fv-az212-963 with PID 2009 (started by runner in /home/runner/work/campaign_optimisation/campaign_optimisation)
2022-04-10 17:19:43.338  INFO 2009 --- [    Test worker] c.CampaignGroupControllerIntegrationTest : The following 1 profile is active: "test"
2022-04-10 17:19:43.439  INFO 2009 --- [    Test worker] .s.d.r.c.RepositoryConfigurationDelegate : Bootstrapping Spring Data JPA repositories in DEFAULT mode.
2022-04-10 17:19:43.446  INFO 2009 --- [    Test worker] .s.d.r.c.RepositoryConfigurationDelegate : Finished Spring Data repository scanning in 6 ms. Found 4 JPA repository interfaces.
2022-04-10 17:19:43.464  INFO 2009 --- [    Test worker] beddedDataSourceBeanFactoryPostProcessor : Replacing 'dataSource' DataSource bean with embedded version
2022-04-10 17:19:43.569  INFO 2009 --- [    Test worker] o.s.b.w.embedded.tomcat.TomcatWebServer  : Tomcat initialized with port(s): 0 (http)
2022-04-10 17:19:43.570  INFO 2009 --- [    Test worker] o.apache.catalina.core.StandardService   : Starting service [Tomcat]
2022-04-10 17:19:43.576  INFO 2009 --- [    Test worker] org.apache.catalina.core.StandardEngine  : Starting Servlet engine: [Apache Tomcat/9.0.58]
2022-04-10 17:19:43.596  INFO 2009 --- [    Test worker] o.a.c.c.C.[Tomcat-2].[localhost].[/]     : Initializing Spring embedded WebApplicationContext
2022-04-10 17:19:43.596  INFO 2009 --- [    Test worker] w.s.c.ServletWebServerApplicationContext : Root WebApplicationContext: initialization completed in 256 ms
2022-04-10 17:19:43.648  INFO 2009 --- [    Test worker] o.s.j.d.e.EmbeddedDatabaseFactory        : Starting embedded database: url='jdbc:h2:mem:8542eb42-84ec-4842-920d-0b34ccbd214b;DB_CLOSE_DELAY=-1;DB_CLOSE_ON_EXIT=false', username='sa'
2022-04-10 17:19:43.654  INFO 2009 --- [    Test worker] o.f.c.internal.license.VersionPrinter    : Flyway Community Edition 8.5.6 by Redgate
2022-04-10 17:19:43.654  INFO 2009 --- [    Test worker] o.f.c.internal.license.VersionPrinter    : See what's new here: https://flywaydb.org/documentation/learnmore/releaseNotes#8.5.6
2022-04-10 17:19:43.654  INFO 2009 --- [    Test worker] o.f.c.internal.license.VersionPrinter    : 
2022-04-10 17:19:43.655  INFO 2009 --- [    Test worker] o.f.c.i.database.base.BaseDatabaseType   : Database: jdbc:h2:mem:8542eb42-84ec-4842-920d-0b34ccbd214b (H2 2.1)
2022-04-10 17:19:43.658  INFO 2009 --- [    Test worker] o.f.core.internal.command.DbValidate     : Successfully validated 2 migrations (execution time 00:00.000s)
2022-04-10 17:19:43.660  INFO 2009 --- [    Test worker] o.f.c.i.s.JdbcTableSchemaHistory         : Creating Schema History table "PUBLIC"."flyway_schema_history" ...
2022-04-10 17:19:43.664  INFO 2009 --- [    Test worker] o.f.core.internal.command.DbMigrate      : Current version of schema "PUBLIC": << Empty Schema >>
2022-04-10 17:19:43.666  INFO 2009 --- [    Test worker] o.f.core.internal.command.DbMigrate      : Migrating schema "PUBLIC" to version "1 - create campaigngroup"
2022-04-10 17:19:43.677  INFO 2009 --- [    Test worker] o.f.core.internal.command.DbMigrate      : Migrating schema "PUBLIC" to version "2 - ingest data"
2022-04-10 17:19:43.681  INFO 2009 --- [    Test worker] o.f.core.internal.command.DbMigrate      : Successfully applied 2 migrations to schema "PUBLIC", now at version v2 (execution time 00:00.018s)
2022-04-10 17:19:43.706  INFO 2009 --- [    Test worker] o.hibernate.jpa.internal.util.LogHelper  : HHH000204: Processing PersistenceUnitInfo [name: default]
2022-04-10 17:19:43.709  INFO 2009 --- [    Test worker] org.hibernate.dialect.Dialect            : HHH000400: Using dialect: org.hibernate.dialect.H2Dialect
2022-04-10 17:19:43.820  INFO 2009 --- [    Test worker] o.h.e.t.j.p.i.JtaPlatformInitiator       : HHH000490: Using JtaPlatform implementation: [org.hibernate.engine.transaction.jta.platform.internal.NoJtaPlatform]
2022-04-10 17:19:43.820  INFO 2009 --- [    Test worker] j.LocalContainerEntityManagerFactoryBean : Initialized JPA EntityManagerFactory for persistence unit 'default'
2022-04-10 17:19:44.021  WARN 2009 --- [    Test worker] JpaBaseConfiguration$JpaWebConfiguration : spring.jpa.open-in-view is enabled by default. Therefore, database queries may be performed during view rendering. Explicitly configure spring.jpa.open-in-view to disable this warning
2022-04-10 17:19:44.248  INFO 2009 --- [    Test worker] o.s.b.w.embedded.tomcat.TomcatWebServer  : Tomcat started on port(s): 36737 (http) with context path ''
2022-04-10 17:19:44.253  INFO 2009 --- [    Test worker] c.CampaignGroupControllerIntegrationTest : Started CampaignGroupControllerIntegrationTest in 0.933 seconds (JVM running for 21.204)
2022-04-10 17:19:44.260  INFO 2009 --- [o-auto-8-exec-1] o.a.c.c.C.[Tomcat-2].[localhost].[/]     : Initializing Spring DispatcherServlet 'dispatcherServlet'
2022-04-10 17:19:44.260  INFO 2009 --- [o-auto-8-exec-1] o.s.web.servlet.DispatcherServlet        : Initializing Servlet 'dispatcherServlet'
2022-04-10 17:19:44.261  INFO 2009 --- [o-auto-8-exec-1] o.s.web.servlet.DispatcherServlet        : Completed initialization in 1 ms
]]></system-out>
  <system-err><![CDATA[]]></system-err>
</testsuite>
