<?xml version="1.0" encoding="UTF-8"?>
<testsuite name="com.walshdanny700.campaign_optimisation.services.OptimisationServiceTest" tests="7" skipped="0" failures="0" errors="0" timestamp="2022-04-10T17:34:23" hostname="fv-az292-138" time="0.036">
  <properties/>
  <testcase name="givenGetLatestRecommendations_WhenCampaignNotFound_ThenReturnEmptyList()" classname="com.walshdanny700.campaign_optimisation.services.OptimisationServiceTest" time="0.009"/>
  <testcase name="givenApplyRecommendations_WhenValidInput_ThenReturnRowsUpdated()" classname="com.walshdanny700.campaign_optimisation.services.OptimisationServiceTest" time="0.004"/>
  <testcase name="givenGetLatestOptimisation_WhenValidCampaignGroupId_thenReturnValid()" classname="com.walshdanny700.campaign_optimisation.services.OptimisationServiceTest" time="0.003"/>
  <testcase name="givenGetLatestRecommendations_WhenInputNotFound_ThenReturnEmptyList()" classname="com.walshdanny700.campaign_optimisation.services.OptimisationServiceTest" time="0.002"/>
  <testcase name="givenGetLatestRecommendations_WhenStatusApplied_ThenReturnEmptyList()" classname="com.walshdanny700.campaign_optimisation.services.OptimisationServiceTest" time="0.003"/>
  <testcase name="givenGetOptimisationById_WhenValidOptimisationId_thenReturnValid()" classname="com.walshdanny700.campaign_optimisation.services.OptimisationServiceTest" time="0.003"/>
  <testcase name="givenGenerateLatestRecommendations_WhenValidInput_ThenReturnRecommendationList()" classname="com.walshdanny700.campaign_optimisation.services.OptimisationServiceTest" time="0.002"/>
  <system-out><![CDATA[2022-04-10 17:34:23.660  INFO 1867 --- [    Test worker] .b.t.a.w.s.WebMvcTestContextBootstrapper : Neither @ContextConfiguration nor @ContextHierarchy found for test class [com.walshdanny700.campaign_optimisation.services.OptimisationServiceTest], using SpringBootContextLoader
2022-04-10 17:34:23.661  INFO 1867 --- [    Test worker] o.s.t.c.support.AbstractContextLoader    : Could not detect default resource locations for test class [com.walshdanny700.campaign_optimisation.services.OptimisationServiceTest]: no resource found for suffixes {-context.xml, Context.groovy}.
2022-04-10 17:34:23.662  INFO 1867 --- [    Test worker] t.c.s.AnnotationConfigContextLoaderUtils : Could not detect default configuration classes for test class [com.walshdanny700.campaign_optimisation.services.OptimisationServiceTest]: OptimisationServiceTest does not declare any static, non-private, non-final, nested classes annotated with @Configuration.
2022-04-10 17:34:23.667  INFO 1867 --- [    Test worker] .b.t.c.SpringBootTestContextBootstrapper : Found @SpringBootConfiguration com.walshdanny700.campaign_optimisation.CampaignOptimisationApplication for test class com.walshdanny700.campaign_optimisation.services.OptimisationServiceTest
2022-04-10 17:34:23.668  INFO 1867 --- [    Test worker] .b.t.a.w.s.WebMvcTestContextBootstrapper : Loaded default TestExecutionListener class names from location [META-INF/spring.factories]: [org.springframework.boot.test.autoconfigure.restdocs.RestDocsTestExecutionListener, org.springframework.boot.test.autoconfigure.web.client.MockRestServiceServerResetTestExecutionListener, org.springframework.boot.test.autoconfigure.web.servlet.MockMvcPrintOnlyOnFailureTestExecutionListener, org.springframework.boot.test.autoconfigure.web.servlet.WebDriverTestExecutionListener, org.springframework.boot.test.autoconfigure.webservices.client.MockWebServiceServerTestExecutionListener, org.springframework.boot.test.mock.mockito.MockitoTestExecutionListener, org.springframework.boot.test.mock.mockito.ResetMocksTestExecutionListener, org.springframework.test.context.web.ServletTestExecutionListener, org.springframework.test.context.support.DirtiesContextBeforeModesTestExecutionListener, org.springframework.test.context.event.ApplicationEventsTestExecutionListener, org.springframework.test.context.support.DependencyInjectionTestExecutionListener, org.springframework.test.context.support.DirtiesContextTestExecutionListener, org.springframework.test.context.transaction.TransactionalTestExecutionListener, org.springframework.test.context.jdbc.SqlScriptsTestExecutionListener, org.springframework.test.context.event.EventPublishingTestExecutionListener]
2022-04-10 17:34:23.669  INFO 1867 --- [    Test worker] .b.t.a.w.s.WebMvcTestContextBootstrapper : Using TestExecutionListeners: [org.springframework.test.context.web.ServletTestExecutionListener@694586ca, org.springframework.test.context.support.DirtiesContextBeforeModesTestExecutionListener@4c9caea1, org.springframework.test.context.event.ApplicationEventsTestExecutionListener@3ae836d8, org.springframework.boot.test.mock.mockito.MockitoTestExecutionListener@36dce48d, org.springframework.boot.test.autoconfigure.SpringBootDependencyInjectionTestExecutionListener@736a574a, org.springframework.test.context.support.DirtiesContextTestExecutionListener@5a2a1620, org.springframework.test.context.transaction.TransactionalTestExecutionListener@210fa54b, org.springframework.test.context.jdbc.SqlScriptsTestExecutionListener@70a6c56b, org.springframework.test.context.event.EventPublishingTestExecutionListener@51570c32, org.springframework.boot.test.autoconfigure.restdocs.RestDocsTestExecutionListener@5b469b2e, org.springframework.boot.test.autoconfigure.web.client.MockRestServiceServerResetTestExecutionListener@7bf48f0, org.springframework.boot.test.autoconfigure.web.servlet.MockMvcPrintOnlyOnFailureTestExecutionListener@41f448f1, org.springframework.boot.test.autoconfigure.web.servlet.WebDriverTestExecutionListener@28abea61, org.springframework.boot.test.autoconfigure.webservices.client.MockWebServiceServerTestExecutionListener@475b9bb1, org.springframework.boot.test.mock.mockito.ResetMocksTestExecutionListener@3adea362]

  .   ____          _            __ _ _
 /\\ / ___'_ __ _ _(_)_ __  __ _ \ \ \ \
( ( )\___ | '_ | '_| | '_ \/ _` | \ \ \ \
 \\/  ___)| |_)| | | | | || (_| |  ) ) ) )
  '  |____| .__|_| |_|_| |_\__, | / / / /
 =========|_|==============|___/=/_/_/_/
 :: Spring Boot ::                (v2.6.4)

2022-04-10 17:34:23.684  INFO 1867 --- [    Test worker] c.w.c.services.OptimisationServiceTest   : Starting OptimisationServiceTest using Java 17.0.2 on fv-az292-138 with PID 1867 (started by runner in /home/runner/work/campaign_optimisation/campaign_optimisation)
2022-04-10 17:34:23.685  INFO 1867 --- [    Test worker] c.w.c.services.OptimisationServiceTest   : No active profile set, falling back to 1 default profile: "default"
2022-04-10 17:34:23.938  INFO 1867 --- [    Test worker] o.s.b.t.m.w.SpringBootMockServletContext : Initializing Spring TestDispatcherServlet ''
2022-04-10 17:34:23.939  INFO 1867 --- [    Test worker] o.s.t.web.servlet.TestDispatcherServlet  : Initializing Servlet ''
2022-04-10 17:34:23.939  INFO 1867 --- [    Test worker] o.s.t.web.servlet.TestDispatcherServlet  : Completed initialization in 0 ms
2022-04-10 17:34:23.945  INFO 1867 --- [    Test worker] c.w.c.services.OptimisationServiceTest   : Started OptimisationServiceTest in 0.274 seconds (JVM running for 18.769)
]]></system-out>
  <system-err><![CDATA[]]></system-err>
</testsuite>
