<?xml version="1.0" encoding="UTF-8"?>
<testsuite name="com.walshdanny700.campaign_optimisation.CampaignOptimisationApplicationTests" tests="3" skipped="0" failures="0" errors="0" timestamp="2022-04-10T17:34:14" hostname="fv-az292-138" time="1.137">
  <properties/>
  <testcase name="applicationConfigureTest()" classname="com.walshdanny700.campaign_optimisation.CampaignOptimisationApplicationTests" time="0.268"/>
  <testcase name="applicationStarts()" classname="com.walshdanny700.campaign_optimisation.CampaignOptimisationApplicationTests" time="0.862"/>
  <testcase name="contextLoads()" classname="com.walshdanny700.campaign_optimisation.CampaignOptimisationApplicationTests" time="0.003"/>
  <system-out><![CDATA[17:34:06.848 [Test worker] DEBUG org.springframework.test.context.BootstrapUtils - Instantiating CacheAwareContextLoaderDelegate from class [org.springframework.test.context.cache.DefaultCacheAwareContextLoaderDelegate]
17:34:06.873 [Test worker] DEBUG org.springframework.test.context.BootstrapUtils - Instantiating BootstrapContext using constructor [public org.springframework.test.context.support.DefaultBootstrapContext(java.lang.Class,org.springframework.test.context.CacheAwareContextLoaderDelegate)]
17:34:06.937 [Test worker] DEBUG org.springframework.test.context.BootstrapUtils - Instantiating TestContextBootstrapper for test class [com.walshdanny700.campaign_optimisation.CampaignOptimisationApplicationTests] from class [org.springframework.boot.test.context.SpringBootTestContextBootstrapper]
17:34:06.954 [Test worker] INFO org.springframework.boot.test.context.SpringBootTestContextBootstrapper - Neither @ContextConfiguration nor @ContextHierarchy found for test class [com.walshdanny700.campaign_optimisation.CampaignOptimisationApplicationTests], using SpringBootContextLoader
17:34:06.961 [Test worker] DEBUG org.springframework.test.context.support.AbstractContextLoader - Did not detect default resource location for test class [com.walshdanny700.campaign_optimisation.CampaignOptimisationApplicationTests]: class path resource [com/walshdanny700/campaign_optimisation/CampaignOptimisationApplicationTests-context.xml] does not exist
17:34:06.963 [Test worker] DEBUG org.springframework.test.context.support.AbstractContextLoader - Did not detect default resource location for test class [com.walshdanny700.campaign_optimisation.CampaignOptimisationApplicationTests]: class path resource [com/walshdanny700/campaign_optimisation/CampaignOptimisationApplicationTestsContext.groovy] does not exist
17:34:06.964 [Test worker] INFO org.springframework.test.context.support.AbstractContextLoader - Could not detect default resource locations for test class [com.walshdanny700.campaign_optimisation.CampaignOptimisationApplicationTests]: no resource found for suffixes {-context.xml, Context.groovy}.
17:34:06.966 [Test worker] INFO org.springframework.test.context.support.AnnotationConfigContextLoaderUtils - Could not detect default configuration classes for test class [com.walshdanny700.campaign_optimisation.CampaignOptimisationApplicationTests]: CampaignOptimisationApplicationTests does not declare any static, non-private, non-final, nested classes annotated with @Configuration.
17:34:07.039 [Test worker] DEBUG org.springframework.test.context.support.ActiveProfilesUtils - Could not find an 'annotation declaring class' for annotation type [org.springframework.test.context.ActiveProfiles] and class [com.walshdanny700.campaign_optimisation.CampaignOptimisationApplicationTests]
17:34:07.161 [Test worker] DEBUG org.springframework.context.annotation.ClassPathScanningCandidateComponentProvider - Identified candidate component class: file [/home/runner/work/campaign_optimisation/campaign_optimisation/build/classes/java/main/com/walshdanny700/campaign_optimisation/CampaignOptimisationApplication.class]
17:34:07.164 [Test worker] INFO org.springframework.boot.test.context.SpringBootTestContextBootstrapper - Found @SpringBootConfiguration com.walshdanny700.campaign_optimisation.CampaignOptimisationApplication for test class com.walshdanny700.campaign_optimisation.CampaignOptimisationApplicationTests
17:34:07.328 [Test worker] DEBUG org.springframework.boot.test.context.SpringBootTestContextBootstrapper - @TestExecutionListeners is not present for class [com.walshdanny700.campaign_optimisation.CampaignOptimisationApplicationTests]: using defaults.
17:34:07.329 [Test worker] INFO org.springframework.boot.test.context.SpringBootTestContextBootstrapper - Loaded default TestExecutionListener class names from location [META-INF/spring.factories]: [org.springframework.boot.test.autoconfigure.restdocs.RestDocsTestExecutionListener, org.springframework.boot.test.autoconfigure.web.client.MockRestServiceServerResetTestExecutionListener, org.springframework.boot.test.autoconfigure.web.servlet.MockMvcPrintOnlyOnFailureTestExecutionListener, org.springframework.boot.test.autoconfigure.web.servlet.WebDriverTestExecutionListener, org.springframework.boot.test.autoconfigure.webservices.client.MockWebServiceServerTestExecutionListener, org.springframework.boot.test.mock.mockito.MockitoTestExecutionListener, org.springframework.boot.test.mock.mockito.ResetMocksTestExecutionListener, org.springframework.test.context.web.ServletTestExecutionListener, org.springframework.test.context.support.DirtiesContextBeforeModesTestExecutionListener, org.springframework.test.context.event.ApplicationEventsTestExecutionListener, org.springframework.test.context.support.DependencyInjectionTestExecutionListener, org.springframework.test.context.support.DirtiesContextTestExecutionListener, org.springframework.test.context.transaction.TransactionalTestExecutionListener, org.springframework.test.context.jdbc.SqlScriptsTestExecutionListener, org.springframework.test.context.event.EventPublishingTestExecutionListener]
17:34:07.357 [Test worker] INFO org.springframework.boot.test.context.SpringBootTestContextBootstrapper - Using TestExecutionListeners: [org.springframework.test.context.web.ServletTestExecutionListener@2489e84a, org.springframework.test.context.support.DirtiesContextBeforeModesTestExecutionListener@2a39aa2b, org.springframework.test.context.event.ApplicationEventsTestExecutionListener@62b93086, org.springframework.boot.test.mock.mockito.MockitoTestExecutionListener@254449bb, org.springframework.boot.test.autoconfigure.SpringBootDependencyInjectionTestExecutionListener@4e642ee1, org.springframework.test.context.support.DirtiesContextTestExecutionListener@29ebbdf4, org.springframework.test.context.transaction.TransactionalTestExecutionListener@2fd954f, org.springframework.test.context.jdbc.SqlScriptsTestExecutionListener@5731d3a, org.springframework.test.context.event.EventPublishingTestExecutionListener@6a0f2853, org.springframework.boot.test.autoconfigure.restdocs.RestDocsTestExecutionListener@1eff3cfb, org.springframework.boot.test.autoconfigure.web.client.MockRestServiceServerResetTestExecutionListener@70c69586, org.springframework.boot.test.autoconfigure.web.servlet.MockMvcPrintOnlyOnFailureTestExecutionListener@6dc1dc69, org.springframework.boot.test.autoconfigure.web.servlet.WebDriverTestExecutionListener@7e9f2c32, org.springframework.boot.test.autoconfigure.webservices.client.MockWebServiceServerTestExecutionListener@19e0dffe, org.springframework.boot.test.mock.mockito.ResetMocksTestExecutionListener@5d4e13e1]
17:34:07.362 [Test worker] DEBUG org.springframework.test.context.support.AbstractDirtiesContextTestExecutionListener - Before test class: context [DefaultTestContext@2f4b98f6 testClass = CampaignOptimisationApplicationTests, testInstance = [null], testMethod = [null], testException = [null], mergedContextConfiguration = [WebMergedContextConfiguration@421def93 testClass = CampaignOptimisationApplicationTests, locations = '{}', classes = '{class com.walshdanny700.campaign_optimisation.CampaignOptimisationApplication}', contextInitializerClasses = '[]', activeProfiles = '{}', propertySourceLocations = '{}', propertySourceProperties = '{org.springframework.boot.test.context.SpringBootTestContextBootstrapper=true, server.port=0}', contextCustomizers = set[org.springframework.boot.test.autoconfigure.actuate.metrics.MetricsExportContextCustomizerFactory$DisableMetricExportContextCustomizer@72ee5d84, org.springframework.boot.test.autoconfigure.properties.PropertyMappingContextCustomizer@0, org.springframework.boot.test.autoconfigure.web.servlet.WebDriverContextCustomizerFactory$Customizer@3fbfbf84, org.springframework.boot.test.context.filter.ExcludeFilterContextCustomizer@4a7a965d, org.springframework.boot.test.json.DuplicateJsonObjectContextCustomizerFactory$DuplicateJsonObjectContextCustomizer@288cdaab, org.springframework.boot.test.mock.mockito.MockitoContextCustomizer@0, org.springframework.boot.test.web.client.TestRestTemplateContextCustomizer@f446158, org.springframework.boot.test.context.SpringBootTestArgs@1, org.springframework.boot.test.context.SpringBootTestWebEnvironment@607fbe09], resourceBasePath = 'src/main/webapp', contextLoader = 'org.springframework.boot.test.context.SpringBootContextLoader', parent = [null]], attributes = map['org.springframework.test.context.web.ServletTestExecutionListener.activateListener' -> false]], class annotated with @DirtiesContext [false] with mode [null].
17:34:07.384 [Test worker] DEBUG org.springframework.test.context.support.DependencyInjectionTestExecutionListener - Performing dependency injection for test context [[DefaultTestContext@2f4b98f6 testClass = CampaignOptimisationApplicationTests, testInstance = com.walshdanny700.campaign_optimisation.CampaignOptimisationApplicationTests@3e4e8fdf, testMethod = [null], testException = [null], mergedContextConfiguration = [WebMergedContextConfiguration@421def93 testClass = CampaignOptimisationApplicationTests, locations = '{}', classes = '{class com.walshdanny700.campaign_optimisation.CampaignOptimisationApplication}', contextInitializerClasses = '[]', activeProfiles = '{}', propertySourceLocations = '{}', propertySourceProperties = '{org.springframework.boot.test.context.SpringBootTestContextBootstrapper=true, server.port=0}', contextCustomizers = set[org.springframework.boot.test.autoconfigure.actuate.metrics.MetricsExportContextCustomizerFactory$DisableMetricExportContextCustomizer@72ee5d84, org.springframework.boot.test.autoconfigure.properties.PropertyMappingContextCustomizer@0, org.springframework.boot.test.autoconfigure.web.servlet.WebDriverContextCustomizerFactory$Customizer@3fbfbf84, org.springframework.boot.test.context.filter.ExcludeFilterContextCustomizer@4a7a965d, org.springframework.boot.test.json.DuplicateJsonObjectContextCustomizerFactory$DuplicateJsonObjectContextCustomizer@288cdaab, org.springframework.boot.test.mock.mockito.MockitoContextCustomizer@0, org.springframework.boot.test.web.client.TestRestTemplateContextCustomizer@f446158, org.springframework.boot.test.context.SpringBootTestArgs@1, org.springframework.boot.test.context.SpringBootTestWebEnvironment@607fbe09], resourceBasePath = 'src/main/webapp', contextLoader = 'org.springframework.boot.test.context.SpringBootContextLoader', parent = [null]], attributes = map['org.springframework.test.context.web.ServletTestExecutionListener.activateListener' -> false, 'org.springframework.test.context.event.ApplicationEventsTestExecutionListener.recordApplicationEvents' -> false]]].

  .   ____          _            __ _ _
 /\\ / ___'_ __ _ _(_)_ __  __ _ \ \ \ \
( ( )\___ | '_ | '_| | '_ \/ _` | \ \ \ \
 \\/  ___)| |_)| | | | | || (_| |  ) ) ) )
  '  |____| .__|_| |_|_| |_\__, | / / / /
 =========|_|==============|___/=/_/_/_/
 :: Spring Boot ::                (v2.6.4)

2022-04-10 17:34:07.920  INFO 1867 --- [    Test worker] w.c.CampaignOptimisationApplicationTests : Starting CampaignOptimisationApplicationTests using Java 17.0.2 on fv-az292-138 with PID 1867 (started by runner in /home/runner/work/campaign_optimisation/campaign_optimisation)
2022-04-10 17:34:07.923  INFO 1867 --- [    Test worker] w.c.CampaignOptimisationApplicationTests : No active profile set, falling back to 1 default profile: "default"
2022-04-10 17:34:08.986  INFO 1867 --- [    Test worker] .s.d.r.c.RepositoryConfigurationDelegate : Bootstrapping Spring Data JPA repositories in DEFAULT mode.
2022-04-10 17:34:09.055  INFO 1867 --- [    Test worker] .s.d.r.c.RepositoryConfigurationDelegate : Finished Spring Data repository scanning in 57 ms. Found 4 JPA repository interfaces.
2022-04-10 17:34:09.964  INFO 1867 --- [    Test worker] o.s.b.w.embedded.tomcat.TomcatWebServer  : Tomcat initialized with port(s): 0 (http)
2022-04-10 17:34:09.985  INFO 1867 --- [    Test worker] o.apache.catalina.core.StandardService   : Starting service [Tomcat]
2022-04-10 17:34:09.987  INFO 1867 --- [    Test worker] org.apache.catalina.core.StandardEngine  : Starting Servlet engine: [Apache Tomcat/9.0.58]
2022-04-10 17:34:10.120  INFO 1867 --- [    Test worker] o.a.c.c.C.[Tomcat].[localhost].[/]       : Initializing Spring embedded WebApplicationContext
2022-04-10 17:34:10.121  INFO 1867 --- [    Test worker] w.s.c.ServletWebServerApplicationContext : Root WebApplicationContext: initialization completed in 2135 ms
2022-04-10 17:34:10.425  INFO 1867 --- [    Test worker] o.f.c.internal.license.VersionPrinter    : Flyway Community Edition 8.5.6 by Redgate
2022-04-10 17:34:10.426  INFO 1867 --- [    Test worker] o.f.c.internal.license.VersionPrinter    : See what's new here: https://flywaydb.org/documentation/learnmore/releaseNotes#8.5.6
2022-04-10 17:34:10.426  INFO 1867 --- [    Test worker] o.f.c.internal.license.VersionPrinter    : 
2022-04-10 17:34:10.441  INFO 1867 --- [    Test worker] com.zaxxer.hikari.HikariDataSource       : HikariPool-1 - Starting...
2022-04-10 17:34:10.858  INFO 1867 --- [    Test worker] com.zaxxer.hikari.HikariDataSource       : HikariPool-1 - Start completed.
2022-04-10 17:34:10.876  INFO 1867 --- [    Test worker] o.f.c.i.database.base.BaseDatabaseType   : Database: jdbc:h2:mem:development_db (H2 2.1)
2022-04-10 17:34:10.994  INFO 1867 --- [    Test worker] o.f.core.internal.command.DbValidate     : Successfully validated 2 migrations (execution time 00:00.019s)
2022-04-10 17:34:11.003  INFO 1867 --- [    Test worker] o.f.c.i.s.JdbcTableSchemaHistory         : Creating Schema History table "PUBLIC"."flyway_schema_history" ...
2022-04-10 17:34:11.038  INFO 1867 --- [    Test worker] o.f.core.internal.command.DbMigrate      : Current version of schema "PUBLIC": << Empty Schema >>
2022-04-10 17:34:11.046  INFO 1867 --- [    Test worker] o.f.core.internal.command.DbMigrate      : Migrating schema "PUBLIC" to version "1 - create campaigngroup"
2022-04-10 17:34:11.079  INFO 1867 --- [    Test worker] o.f.core.internal.command.DbMigrate      : Migrating schema "PUBLIC" to version "2 - ingest data"
2022-04-10 17:34:11.089  INFO 1867 --- [    Test worker] o.f.core.internal.command.DbMigrate      : Successfully applied 2 migrations to schema "PUBLIC", now at version v2 (execution time 00:00.055s)
2022-04-10 17:34:11.268  INFO 1867 --- [    Test worker] o.hibernate.jpa.internal.util.LogHelper  : HHH000204: Processing PersistenceUnitInfo [name: default]
2022-04-10 17:34:11.346  INFO 1867 --- [    Test worker] org.hibernate.Version                    : HHH000412: Hibernate ORM core version 5.6.5.Final
2022-04-10 17:34:11.574  INFO 1867 --- [    Test worker] o.hibernate.annotations.common.Version   : HCANN000001: Hibernate Commons Annotations {5.1.2.Final}
2022-04-10 17:34:11.758  INFO 1867 --- [    Test worker] org.hibernate.dialect.Dialect            : HHH000400: Using dialect: org.hibernate.dialect.H2Dialect
2022-04-10 17:34:12.552  INFO 1867 --- [    Test worker] o.h.e.t.j.p.i.JtaPlatformInitiator       : HHH000490: Using JtaPlatform implementation: [org.hibernate.engine.transaction.jta.platform.internal.NoJtaPlatform]
2022-04-10 17:34:12.565  INFO 1867 --- [    Test worker] j.LocalContainerEntityManagerFactoryBean : Initialized JPA EntityManagerFactory for persistence unit 'default'
2022-04-10 17:34:13.469  WARN 1867 --- [    Test worker] JpaBaseConfiguration$JpaWebConfiguration : spring.jpa.open-in-view is enabled by default. Therefore, database queries may be performed during view rendering. Explicitly configure spring.jpa.open-in-view to disable this warning
2022-04-10 17:34:14.613  INFO 1867 --- [    Test worker] o.s.b.w.embedded.tomcat.TomcatWebServer  : Tomcat started on port(s): 44397 (http) with context path ''
2022-04-10 17:34:14.631  INFO 1867 --- [    Test worker] w.c.CampaignOptimisationApplicationTests : Started CampaignOptimisationApplicationTests in 7.207 seconds (JVM running for 9.455)

  .   ____          _            __ _ _
 /\\ / ___'_ __ _ _(_)_ __  __ _ \ \ \ \
( ( )\___ | '_ | '_| | '_ \/ _` | \ \ \ \
 \\/  ___)| |_)| | | | | || (_| |  ) ) ) )
  '  |____| .__|_| |_|_| |_\__, | / / / /
 =========|_|==============|___/=/_/_/_/
 :: Spring Boot ::                (v2.6.4)

2022-04-10 17:34:14.938  INFO 1867 --- [    Test worker] c.w.c.CampaignOptimisationApplication    : Starting CampaignOptimisationApplication using Java 17.0.2 on fv-az292-138 with PID 1867 (started by runner in /home/runner/work/campaign_optimisation/campaign_optimisation)
2022-04-10 17:34:14.939  INFO 1867 --- [    Test worker] c.w.c.CampaignOptimisationApplication    : No active profile set, falling back to 1 default profile: "default"
2022-04-10 17:34:15.128  INFO 1867 --- [    Test worker] .s.d.r.c.RepositoryConfigurationDelegate : Bootstrapping Spring Data JPA repositories in DEFAULT mode.
2022-04-10 17:34:15.144  INFO 1867 --- [    Test worker] .s.d.r.c.RepositoryConfigurationDelegate : Finished Spring Data repository scanning in 14 ms. Found 4 JPA repository interfaces.
2022-04-10 17:34:15.268  INFO 1867 --- [    Test worker] o.s.b.w.embedded.tomcat.TomcatWebServer  : Tomcat initialized with port(s): 8080 (http)
2022-04-10 17:34:15.270  INFO 1867 --- [    Test worker] o.apache.catalina.core.StandardService   : Starting service [Tomcat]
2022-04-10 17:34:15.271  INFO 1867 --- [    Test worker] org.apache.catalina.core.StandardEngine  : Starting Servlet engine: [Apache Tomcat/9.0.58]
2022-04-10 17:34:15.296  INFO 1867 --- [    Test worker] o.a.c.c.C.[Tomcat-1].[localhost].[/]     : Initializing Spring embedded WebApplicationContext
2022-04-10 17:34:15.297  INFO 1867 --- [    Test worker] w.s.c.ServletWebServerApplicationContext : Root WebApplicationContext: initialization completed in 355 ms
2022-04-10 17:34:15.367  INFO 1867 --- [    Test worker] o.f.c.internal.license.VersionPrinter    : Flyway Community Edition 8.5.6 by Redgate
2022-04-10 17:34:15.367  INFO 1867 --- [    Test worker] o.f.c.internal.license.VersionPrinter    : See what's new here: https://flywaydb.org/documentation/learnmore/releaseNotes#8.5.6
2022-04-10 17:34:15.367  INFO 1867 --- [    Test worker] o.f.c.internal.license.VersionPrinter    : 
2022-04-10 17:34:15.368  INFO 1867 --- [    Test worker] com.zaxxer.hikari.HikariDataSource       : HikariPool-2 - Starting...
2022-04-10 17:34:15.374  INFO 1867 --- [    Test worker] com.zaxxer.hikari.HikariDataSource       : HikariPool-2 - Start completed.
2022-04-10 17:34:15.375  INFO 1867 --- [    Test worker] o.f.c.i.database.base.BaseDatabaseType   : Database: jdbc:h2:mem:development_db (H2 2.1)
2022-04-10 17:34:15.384  INFO 1867 --- [    Test worker] o.f.core.internal.command.DbValidate     : Successfully validated 2 migrations (execution time 00:00.003s)
2022-04-10 17:34:15.388  INFO 1867 --- [    Test worker] o.f.core.internal.command.DbMigrate      : Current version of schema "PUBLIC": 2
2022-04-10 17:34:15.389  INFO 1867 --- [    Test worker] o.f.core.internal.command.DbMigrate      : Schema "PUBLIC" is up to date. No migration necessary.
2022-04-10 17:34:15.422  INFO 1867 --- [    Test worker] o.hibernate.jpa.internal.util.LogHelper  : HHH000204: Processing PersistenceUnitInfo [name: default]
2022-04-10 17:34:15.428  INFO 1867 --- [    Test worker] org.hibernate.dialect.Dialect            : HHH000400: Using dialect: org.hibernate.dialect.H2Dialect
2022-04-10 17:34:15.497  INFO 1867 --- [    Test worker] o.h.e.t.j.p.i.JtaPlatformInitiator       : HHH000490: Using JtaPlatform implementation: [org.hibernate.engine.transaction.jta.platform.internal.NoJtaPlatform]
2022-04-10 17:34:15.498  INFO 1867 --- [    Test worker] j.LocalContainerEntityManagerFactoryBean : Initialized JPA EntityManagerFactory for persistence unit 'default'
2022-04-10 17:34:15.655  WARN 1867 --- [    Test worker] JpaBaseConfiguration$JpaWebConfiguration : spring.jpa.open-in-view is enabled by default. Therefore, database queries may be performed during view rendering. Explicitly configure spring.jpa.open-in-view to disable this warning
2022-04-10 17:34:15.767  INFO 1867 --- [    Test worker] o.s.b.w.embedded.tomcat.TomcatWebServer  : Tomcat started on port(s): 8080 (http) with context path ''
2022-04-10 17:34:15.771  INFO 1867 --- [    Test worker] c.w.c.CampaignOptimisationApplication    : Started CampaignOptimisationApplication in 0.855 seconds (JVM running for 10.595)
]]></system-out>
  <system-err><![CDATA[]]></system-err>
</testsuite>
