<?xml version="1.0" encoding="UTF-8"?>
<testsuite name="com.walshdanny700.campaign_optimisation.controller.CampaignGroupControllerTest" tests="9" skipped="0" failures="0" errors="0" timestamp="2022-04-10T17:34:23" hostname="fv-az292-138" time="0.32">
  <properties/>
  <testcase name="givenOptimisationId_whenRecommendationsForOptimisation_thenReturnJsonArray()" classname="com.walshdanny700.campaign_optimisation.controller.CampaignGroupControllerTest" time="0.167"/>
  <testcase name="givenOptimisationId_whenZeroRecommendationsForOptimisation_thenReturnNotFound()" classname="com.walshdanny700.campaign_optimisation.controller.CampaignGroupControllerTest" time="0.004"/>
  <testcase name="givenOptimisationId_whenApplyRecommendation_thenCampaignBudgetUpdated()" classname="com.walshdanny700.campaign_optimisation.controller.CampaignGroupControllerTest" time="0.022"/>
  <testcase name="givenCampaignGroupId_whenZeroCampaignsForGroup_thenReturnNotFound()" classname="com.walshdanny700.campaign_optimisation.controller.CampaignGroupControllerTest" time="0.006"/>
  <testcase name="givenCampaignGroupId_whenOptimisationsForGroup_thenReturnJsonArray()" classname="com.walshdanny700.campaign_optimisation.controller.CampaignGroupControllerTest" time="0.031"/>
  <testcase name="givenCampaignGroupId_whenZeroOptimisationsForGroup_thenReturnNotFound()" classname="com.walshdanny700.campaign_optimisation.controller.CampaignGroupControllerTest" time="0.004"/>
  <testcase name="givenCampaignGroupId_whenCampaignsForGroup_thenReturnJsonArray()" classname="com.walshdanny700.campaign_optimisation.controller.CampaignGroupControllerTest" time="0.033"/>
  <testcase name="givenZeroCampaignGroups_WhenGetRequest_thenReturnNotFound()" classname="com.walshdanny700.campaign_optimisation.controller.CampaignGroupControllerTest" time="0.013"/>
  <testcase name="givenCampaignGroups_whenGetCampaignGroups_thenReturnJsonArray()" classname="com.walshdanny700.campaign_optimisation.controller.CampaignGroupControllerTest" time="0.018"/>
  <system-out><![CDATA[2022-04-10 17:34:22.706  INFO 1867 --- [    Test worker] .b.t.a.w.s.WebMvcTestContextBootstrapper : Neither @ContextConfiguration nor @ContextHierarchy found for test class [com.walshdanny700.campaign_optimisation.controller.CampaignGroupControllerTest], using SpringBootContextLoader
2022-04-10 17:34:22.706  INFO 1867 --- [    Test worker] o.s.t.c.support.AbstractContextLoader    : Could not detect default resource locations for test class [com.walshdanny700.campaign_optimisation.controller.CampaignGroupControllerTest]: no resource found for suffixes {-context.xml, Context.groovy}.
2022-04-10 17:34:22.707  INFO 1867 --- [    Test worker] t.c.s.AnnotationConfigContextLoaderUtils : Could not detect default configuration classes for test class [com.walshdanny700.campaign_optimisation.controller.CampaignGroupControllerTest]: CampaignGroupControllerTest does not declare any static, non-private, non-final, nested classes annotated with @Configuration.
2022-04-10 17:34:22.714  INFO 1867 --- [    Test worker] .b.t.c.SpringBootTestContextBootstrapper : Found @SpringBootConfiguration com.walshdanny700.campaign_optimisation.CampaignOptimisationApplication for test class com.walshdanny700.campaign_optimisation.controller.CampaignGroupControllerTest
2022-04-10 17:34:22.715  INFO 1867 --- [    Test worker] .b.t.a.w.s.WebMvcTestContextBootstrapper : Loaded default TestExecutionListener class names from location [META-INF/spring.factories]: [org.springframework.boot.test.autoconfigure.restdocs.RestDocsTestExecutionListener, org.springframework.boot.test.autoconfigure.web.client.MockRestServiceServerResetTestExecutionListener, org.springframework.boot.test.autoconfigure.web.servlet.MockMvcPrintOnlyOnFailureTestExecutionListener, org.springframework.boot.test.autoconfigure.web.servlet.WebDriverTestExecutionListener, org.springframework.boot.test.autoconfigure.webservices.client.MockWebServiceServerTestExecutionListener, org.springframework.boot.test.mock.mockito.MockitoTestExecutionListener, org.springframework.boot.test.mock.mockito.ResetMocksTestExecutionListener, org.springframework.test.context.web.ServletTestExecutionListener, org.springframework.test.context.support.DirtiesContextBeforeModesTestExecutionListener, org.springframework.test.context.event.ApplicationEventsTestExecutionListener, org.springframework.test.context.support.DependencyInjectionTestExecutionListener, org.springframework.test.context.support.DirtiesContextTestExecutionListener, org.springframework.test.context.transaction.TransactionalTestExecutionListener, org.springframework.test.context.jdbc.SqlScriptsTestExecutionListener, org.springframework.test.context.event.EventPublishingTestExecutionListener]
2022-04-10 17:34:22.715  INFO 1867 --- [    Test worker] .b.t.a.w.s.WebMvcTestContextBootstrapper : Using TestExecutionListeners: [org.springframework.test.context.web.ServletTestExecutionListener@1acc6a59, org.springframework.test.context.support.DirtiesContextBeforeModesTestExecutionListener@2d781eab, org.springframework.test.context.event.ApplicationEventsTestExecutionListener@2c2c9a4, org.springframework.boot.test.mock.mockito.MockitoTestExecutionListener@40a7e5a8, org.springframework.boot.test.autoconfigure.SpringBootDependencyInjectionTestExecutionListener@3940c147, org.springframework.test.context.support.DirtiesContextTestExecutionListener@54201d82, org.springframework.test.context.transaction.TransactionalTestExecutionListener@40bb714b, org.springframework.test.context.jdbc.SqlScriptsTestExecutionListener@3fce5651, org.springframework.test.context.event.EventPublishingTestExecutionListener@3bf216, org.springframework.boot.test.autoconfigure.restdocs.RestDocsTestExecutionListener@54a3339e, org.springframework.boot.test.autoconfigure.web.client.MockRestServiceServerResetTestExecutionListener@4f092168, org.springframework.boot.test.autoconfigure.web.servlet.MockMvcPrintOnlyOnFailureTestExecutionListener@2b89a06, org.springframework.boot.test.autoconfigure.web.servlet.WebDriverTestExecutionListener@5dcc7305, org.springframework.boot.test.autoconfigure.webservices.client.MockWebServiceServerTestExecutionListener@10be94e1, org.springframework.boot.test.mock.mockito.ResetMocksTestExecutionListener@163ae5ff]

  .   ____          _            __ _ _
 /\\ / ___'_ __ _ _(_)_ __  __ _ \ \ \ \
( ( )\___ | '_ | '_| | '_ \/ _` | \ \ \ \
 \\/  ___)| |_)| | | | | || (_| |  ) ) ) )
  '  |____| .__|_| |_|_| |_\__, | / / / /
 =========|_|==============|___/=/_/_/_/
 :: Spring Boot ::                (v2.6.4)

2022-04-10 17:34:22.732  INFO 1867 --- [    Test worker] c.w.c.c.CampaignGroupControllerTest      : Starting CampaignGroupControllerTest using Java 17.0.2 on fv-az292-138 with PID 1867 (started by runner in /home/runner/work/campaign_optimisation/campaign_optimisation)
2022-04-10 17:34:22.732  INFO 1867 --- [    Test worker] c.w.c.c.CampaignGroupControllerTest      : No active profile set, falling back to 1 default profile: "default"
2022-04-10 17:34:23.019  INFO 1867 --- [    Test worker] o.s.b.t.m.w.SpringBootMockServletContext : Initializing Spring TestDispatcherServlet ''
2022-04-10 17:34:23.019  INFO 1867 --- [    Test worker] o.s.t.web.servlet.TestDispatcherServlet  : Initializing Servlet ''
2022-04-10 17:34:23.019  INFO 1867 --- [    Test worker] o.s.t.web.servlet.TestDispatcherServlet  : Completed initialization in 0 ms
2022-04-10 17:34:23.030  INFO 1867 --- [    Test worker] c.w.c.c.CampaignGroupControllerTest      : Started CampaignGroupControllerTest in 0.309 seconds (JVM running for 17.854)

MockHttpServletRequest:
      HTTP Method = GET
      Request URI = /api/v1/optimisations/1/recommendations/latest
       Parameters = {}
          Headers = []
             Body = null
    Session Attrs = {}

Handler:
             Type = com.walshdanny700.campaign_optimisation.controller.CampaignGroupController
           Method = com.walshdanny700.campaign_optimisation.controller.CampaignGroupController#getRecommendationsForOptimisation(Long)

Async:
    Async started = false
     Async result = null

Resolved Exception:
             Type = null

ModelAndView:
        View name = null
             View = null
            Model = null

FlashMap:
       Attributes = null

MockHttpServletResponse:
           Status = 200
    Error message = null
          Headers = [Content-Type:"application/json; charset=utf-8"]
     Content type = application/json; charset=utf-8
             Body = [{"id":1,"campaignId":1,"optimisationId":1,"recommendedBudget":10}]
    Forwarded URL = null
   Redirected URL = null
          Cookies = []

MockHttpServletRequest:
      HTTP Method = POST
      Request URI = /api/v1/optimisations/1/recommendations/apply
       Parameters = {}
          Headers = []
             Body = null
    Session Attrs = {}

Handler:
             Type = com.walshdanny700.campaign_optimisation.controller.CampaignGroupController
           Method = com.walshdanny700.campaign_optimisation.controller.CampaignGroupController#applyLatestRecommendation(Long)

Async:
    Async started = false
     Async result = null

Resolved Exception:
             Type = null

ModelAndView:
        View name = null
             View = null
            Model = null

FlashMap:
       Attributes = null

MockHttpServletResponse:
           Status = 200
    Error message = null
          Headers = [Content-Type:"application/json; charset=utf-8"]
     Content type = application/json; charset=utf-8
             Body = {"message":"Campaigns Updated 1"}
    Forwarded URL = null
   Redirected URL = null
          Cookies = []

MockHttpServletRequest:
      HTTP Method = GET
      Request URI = /api/v1/campaigngroups/1/optimisations/latest
       Parameters = {}
          Headers = []
             Body = null
    Session Attrs = {}

Handler:
             Type = com.walshdanny700.campaign_optimisation.controller.CampaignGroupController
           Method = com.walshdanny700.campaign_optimisation.controller.CampaignGroupController#getOptimisationForGroup(Long)

Async:
    Async started = false
     Async result = null

Resolved Exception:
             Type = null

ModelAndView:
        View name = null
             View = null
            Model = null

FlashMap:
       Attributes = null

MockHttpServletResponse:
           Status = 200
    Error message = null
          Headers = [Content-Type:"application/json; charset=utf-8"]
     Content type = application/json; charset=utf-8
             Body = {"id":1,"campaignGroupId":1,"status":"NOT_APPLIED"}
    Forwarded URL = null
   Redirected URL = null
          Cookies = []

MockHttpServletRequest:
      HTTP Method = GET
      Request URI = /api/v1/campaigngroups/1/campaigns/list
       Parameters = {}
          Headers = []
             Body = null
    Session Attrs = {}

Handler:
             Type = com.walshdanny700.campaign_optimisation.controller.CampaignGroupController
           Method = com.walshdanny700.campaign_optimisation.controller.CampaignGroupController#getCampaignsForGroup(Long)

Async:
    Async started = false
     Async result = null

Resolved Exception:
             Type = null

ModelAndView:
        View name = null
             View = null
            Model = null

FlashMap:
       Attributes = null

MockHttpServletResponse:
           Status = 200
    Error message = null
          Headers = [Content-Type:"application/json; charset=utf-8"]
     Content type = application/json; charset=utf-8
             Body = [{"id":1,"name":"Fist Campaign","campaignGroupId":1,"budget":1,"impressions":123,"revenue":10}]
    Forwarded URL = null
   Redirected URL = null
          Cookies = []

MockHttpServletRequest:
      HTTP Method = GET
      Request URI = /api/v1/campaigngroups/list
       Parameters = {}
          Headers = []
             Body = null
    Session Attrs = {}

Handler:
             Type = com.walshdanny700.campaign_optimisation.controller.CampaignGroupController
           Method = com.walshdanny700.campaign_optimisation.controller.CampaignGroupController#getCampaignGroups()

Async:
    Async started = false
     Async result = null

Resolved Exception:
             Type = null

ModelAndView:
        View name = null
             View = null
            Model = null

FlashMap:
       Attributes = null

MockHttpServletResponse:
           Status = 200
    Error message = null
          Headers = [Content-Type:"application/json; charset=utf-8"]
     Content type = application/json; charset=utf-8
             Body = [{"id":1,"name":"Campaign Group One"}]
    Forwarded URL = null
   Redirected URL = null
          Cookies = []
]]></system-out>
  <system-err><![CDATA[]]></system-err>
</testsuite>
