<?xml version="1.0" encoding="UTF-8"?>
<testsuite name="com.walshdanny700.campaign_optimisation.services.CampaignServiceTest" tests="1" skipped="0" failures="0" errors="0" timestamp="2022-04-10T17:19:45" hostname="fv-az212-963" time="0.005">
  <properties/>
  <testcase name="givenGetAllCampaignsForCampaignGroupId_WhenValidCampaignGroupId_thenReturnValid()" classname="com.walshdanny700.campaign_optimisation.services.CampaignServiceTest" time="0.005"/>
  <system-out><![CDATA[2022-04-10 17:19:45.196  INFO 2009 --- [    Test worker] .b.t.a.w.s.WebMvcTestContextBootstrapper : Neither @ContextConfiguration nor @ContextHierarchy found for test class [com.walshdanny700.campaign_optimisation.services.CampaignServiceTest], using SpringBootContextLoader
2022-04-10 17:19:45.197  INFO 2009 --- [    Test worker] o.s.t.c.support.AbstractContextLoader    : Could not detect default resource locations for test class [com.walshdanny700.campaign_optimisation.services.CampaignServiceTest]: no resource found for suffixes {-context.xml, Context.groovy}.
2022-04-10 17:19:45.197  INFO 2009 --- [    Test worker] t.c.s.AnnotationConfigContextLoaderUtils : Could not detect default configuration classes for test class [com.walshdanny700.campaign_optimisation.services.CampaignServiceTest]: CampaignServiceTest does not declare any static, non-private, non-final, nested classes annotated with @Configuration.
2022-04-10 17:19:45.201  INFO 2009 --- [    Test worker] .b.t.c.SpringBootTestContextBootstrapper : Found @SpringBootConfiguration com.walshdanny700.campaign_optimisation.CampaignOptimisationApplication for test class com.walshdanny700.campaign_optimisation.services.CampaignServiceTest
2022-04-10 17:19:45.202  INFO 2009 --- [    Test worker] .b.t.a.w.s.WebMvcTestContextBootstrapper : Loaded default TestExecutionListener class names from location [META-INF/spring.factories]: [org.springframework.boot.test.autoconfigure.restdocs.RestDocsTestExecutionListener, org.springframework.boot.test.autoconfigure.web.client.MockRestServiceServerResetTestExecutionListener, org.springframework.boot.test.autoconfigure.web.servlet.MockMvcPrintOnlyOnFailureTestExecutionListener, org.springframework.boot.test.autoconfigure.web.servlet.WebDriverTestExecutionListener, org.springframework.boot.test.autoconfigure.webservices.client.MockWebServiceServerTestExecutionListener, org.springframework.boot.test.mock.mockito.MockitoTestExecutionListener, org.springframework.boot.test.mock.mockito.ResetMocksTestExecutionListener, org.springframework.test.context.web.ServletTestExecutionListener, org.springframework.test.context.support.DirtiesContextBeforeModesTestExecutionListener, org.springframework.test.context.event.ApplicationEventsTestExecutionListener, org.springframework.test.context.support.DependencyInjectionTestExecutionListener, org.springframework.test.context.support.DirtiesContextTestExecutionListener, org.springframework.test.context.transaction.TransactionalTestExecutionListener, org.springframework.test.context.jdbc.SqlScriptsTestExecutionListener, org.springframework.test.context.event.EventPublishingTestExecutionListener]
2022-04-10 17:19:45.202  INFO 2009 --- [    Test worker] .b.t.a.w.s.WebMvcTestContextBootstrapper : Using TestExecutionListeners: [org.springframework.test.context.web.ServletTestExecutionListener@4190ffa5, org.springframework.test.context.support.DirtiesContextBeforeModesTestExecutionListener@5c042993, org.springframework.test.context.event.ApplicationEventsTestExecutionListener@4d444726, org.springframework.boot.test.mock.mockito.MockitoTestExecutionListener@79683cc8, org.springframework.boot.test.autoconfigure.SpringBootDependencyInjectionTestExecutionListener@3f439997, org.springframework.test.context.support.DirtiesContextTestExecutionListener@4276775d, org.springframework.test.context.transaction.TransactionalTestExecutionListener@2d646542, org.springframework.test.context.jdbc.SqlScriptsTestExecutionListener@1552825a, org.springframework.test.context.event.EventPublishingTestExecutionListener@367e2e46, org.springframework.boot.test.autoconfigure.restdocs.RestDocsTestExecutionListener@47c36b4b, org.springframework.boot.test.autoconfigure.web.client.MockRestServiceServerResetTestExecutionListener@49034884, org.springframework.boot.test.autoconfigure.web.servlet.MockMvcPrintOnlyOnFailureTestExecutionListener@48c253ac, org.springframework.boot.test.autoconfigure.web.servlet.WebDriverTestExecutionListener@f8958ec, org.springframework.boot.test.autoconfigure.webservices.client.MockWebServiceServerTestExecutionListener@53cce365, org.springframework.boot.test.mock.mockito.ResetMocksTestExecutionListener@d8c6f0]

  .   ____          _            __ _ _
 /\\ / ___'_ __ _ _(_)_ __  __ _ \ \ \ \
( ( )\___ | '_ | '_| | '_ \/ _` | \ \ \ \
 \\/  ___)| |_)| | | | | || (_| |  ) ) ) )
  '  |____| .__|_| |_|_| |_\__, | / / / /
 =========|_|==============|___/=/_/_/_/
 :: Spring Boot ::                (v2.6.4)

2022-04-10 17:19:45.218  INFO 2009 --- [    Test worker] c.w.c.services.CampaignServiceTest       : Starting CampaignServiceTest using Java 17.0.2 on fv-az212-963 with PID 2009 (started by runner in /home/runner/work/campaign_optimisation/campaign_optimisation)
2022-04-10 17:19:45.219  INFO 2009 --- [    Test worker] c.w.c.services.CampaignServiceTest       : No active profile set, falling back to 1 default profile: "default"
2022-04-10 17:19:45.467  INFO 2009 --- [    Test worker] o.s.b.t.m.w.SpringBootMockServletContext : Initializing Spring TestDispatcherServlet ''
2022-04-10 17:19:45.467  INFO 2009 --- [    Test worker] o.s.t.web.servlet.TestDispatcherServlet  : Initializing Servlet ''
2022-04-10 17:19:45.467  INFO 2009 --- [    Test worker] o.s.t.web.servlet.TestDispatcherServlet  : Completed initialization in 0 ms
2022-04-10 17:19:45.475  INFO 2009 --- [    Test worker] c.w.c.services.CampaignServiceTest       : Started CampaignServiceTest in 0.27 seconds (JVM running for 22.426)
]]></system-out>
  <system-err><![CDATA[]]></system-err>
</testsuite>
