<?xml version="1.0" encoding="UTF-8"?>
<testsuite name="com.walshdanny700.campaign_optimisation.services.CampaignServiceTest" tests="1" skipped="0" failures="0" errors="0" timestamp="2022-04-10T17:39:26" hostname="fv-az399-239" time="0.004">
  <properties/>
  <testcase name="givenGetAllCampaignsForCampaignGroupId_WhenValidCampaignGroupId_thenReturnValid()" classname="com.walshdanny700.campaign_optimisation.services.CampaignServiceTest" time="0.004"/>
  <system-out><![CDATA[2022-04-10 17:39:26.451  INFO 2072 --- [    Test worker] .b.t.a.w.s.WebMvcTestContextBootstrapper : Neither @ContextConfiguration nor @ContextHierarchy found for test class [com.walshdanny700.campaign_optimisation.services.CampaignServiceTest], using SpringBootContextLoader
2022-04-10 17:39:26.452  INFO 2072 --- [    Test worker] o.s.t.c.support.AbstractContextLoader    : Could not detect default resource locations for test class [com.walshdanny700.campaign_optimisation.services.CampaignServiceTest]: no resource found for suffixes {-context.xml, Context.groovy}.
2022-04-10 17:39:26.452  INFO 2072 --- [    Test worker] t.c.s.AnnotationConfigContextLoaderUtils : Could not detect default configuration classes for test class [com.walshdanny700.campaign_optimisation.services.CampaignServiceTest]: CampaignServiceTest does not declare any static, non-private, non-final, nested classes annotated with @Configuration.
2022-04-10 17:39:26.460  INFO 2072 --- [    Test worker] .b.t.c.SpringBootTestContextBootstrapper : Found @SpringBootConfiguration com.walshdanny700.campaign_optimisation.CampaignOptimisationApplication for test class com.walshdanny700.campaign_optimisation.services.CampaignServiceTest
2022-04-10 17:39:26.460  INFO 2072 --- [    Test worker] .b.t.a.w.s.WebMvcTestContextBootstrapper : Loaded default TestExecutionListener class names from location [META-INF/spring.factories]: [org.springframework.boot.test.autoconfigure.restdocs.RestDocsTestExecutionListener, org.springframework.boot.test.autoconfigure.web.client.MockRestServiceServerResetTestExecutionListener, org.springframework.boot.test.autoconfigure.web.servlet.MockMvcPrintOnlyOnFailureTestExecutionListener, org.springframework.boot.test.autoconfigure.web.servlet.WebDriverTestExecutionListener, org.springframework.boot.test.autoconfigure.webservices.client.MockWebServiceServerTestExecutionListener, org.springframework.boot.test.mock.mockito.MockitoTestExecutionListener, org.springframework.boot.test.mock.mockito.ResetMocksTestExecutionListener, org.springframework.test.context.web.ServletTestExecutionListener, org.springframework.test.context.support.DirtiesContextBeforeModesTestExecutionListener, org.springframework.test.context.event.ApplicationEventsTestExecutionListener, org.springframework.test.context.support.DependencyInjectionTestExecutionListener, org.springframework.test.context.support.DirtiesContextTestExecutionListener, org.springframework.test.context.transaction.TransactionalTestExecutionListener, org.springframework.test.context.jdbc.SqlScriptsTestExecutionListener, org.springframework.test.context.event.EventPublishingTestExecutionListener]
2022-04-10 17:39:26.461  INFO 2072 --- [    Test worker] .b.t.a.w.s.WebMvcTestContextBootstrapper : Using TestExecutionListeners: [org.springframework.test.context.web.ServletTestExecutionListener@657e1d6d, org.springframework.test.context.support.DirtiesContextBeforeModesTestExecutionListener@3db54f1e, org.springframework.test.context.event.ApplicationEventsTestExecutionListener@230963c, org.springframework.boot.test.mock.mockito.MockitoTestExecutionListener@54c7f451, org.springframework.boot.test.autoconfigure.SpringBootDependencyInjectionTestExecutionListener@41c71ed1, org.springframework.test.context.support.DirtiesContextTestExecutionListener@569d7448, org.springframework.test.context.transaction.TransactionalTestExecutionListener@501a89d1, org.springframework.test.context.jdbc.SqlScriptsTestExecutionListener@3b149aff, org.springframework.test.context.event.EventPublishingTestExecutionListener@42dc3ada, org.springframework.boot.test.autoconfigure.restdocs.RestDocsTestExecutionListener@7f5e29fd, org.springframework.boot.test.autoconfigure.web.client.MockRestServiceServerResetTestExecutionListener@7b8e73c6, org.springframework.boot.test.autoconfigure.web.servlet.MockMvcPrintOnlyOnFailureTestExecutionListener@64d2cd2a, org.springframework.boot.test.autoconfigure.web.servlet.WebDriverTestExecutionListener@47fb2180, org.springframework.boot.test.autoconfigure.webservices.client.MockWebServiceServerTestExecutionListener@4964f943, org.springframework.boot.test.mock.mockito.ResetMocksTestExecutionListener@41fcb3ea]

  .   ____          _            __ _ _
 /\\ / ___'_ __ _ _(_)_ __  __ _ \ \ \ \
( ( )\___ | '_ | '_| | '_ \/ _` | \ \ \ \
 \\/  ___)| |_)| | | | | || (_| |  ) ) ) )
  '  |____| .__|_| |_|_| |_\__, | / / / /
 =========|_|==============|___/=/_/_/_/
 :: Spring Boot ::                (v2.6.4)

2022-04-10 17:39:26.476  INFO 2072 --- [    Test worker] c.w.c.services.CampaignServiceTest       : Starting CampaignServiceTest using Java 17.0.2 on fv-az399-239 with PID 2072 (started by runner in /home/runner/work/campaign_optimisation/campaign_optimisation)
2022-04-10 17:39:26.476  INFO 2072 --- [    Test worker] c.w.c.services.CampaignServiceTest       : No active profile set, falling back to 1 default profile: "default"
2022-04-10 17:39:26.703  INFO 2072 --- [    Test worker] o.s.b.t.m.w.SpringBootMockServletContext : Initializing Spring TestDispatcherServlet ''
2022-04-10 17:39:26.703  INFO 2072 --- [    Test worker] o.s.t.web.servlet.TestDispatcherServlet  : Initializing Servlet ''
2022-04-10 17:39:26.705  INFO 2072 --- [    Test worker] o.s.t.web.servlet.TestDispatcherServlet  : Completed initialization in 2 ms
2022-04-10 17:39:26.712  INFO 2072 --- [    Test worker] c.w.c.services.CampaignServiceTest       : Started CampaignServiceTest in 0.249 seconds (JVM running for 19.967)
]]></system-out>
  <system-err><![CDATA[]]></system-err>
</testsuite>
